2015/04/14 16:18:18 [error] [php] Use of undefined constant HTML_PARAMS - assumed 'HTML_PARAMS' (D:\www\liveadmin\protected\views\site\frame.php:2)
Stack trace:
#0 D:\www\liveadmin\yii\yii\web\CController.php(869): SiteController->renderFile()
#1 D:\www\liveadmin\yii\yii\web\CController.php(782): SiteController->renderPartial()
#2 D:\www\liveadmin\protected\controllers\SiteController.php(12): SiteController->render()
#3 D:\www\liveadmin\yii\yii\web\actions\CInlineAction.php(49): SiteController->actionIndex()
#4 D:\www\liveadmin\yii\yii\web\CController.php(308): CInlineAction->runWithParams()
#5 D:\www\liveadmin\yii\yii\web\CController.php(286): SiteController->runAction()
#6 D:\www\liveadmin\yii\yii\web\CController.php(265): SiteController->runActionWithFilters()
#7 D:\www\liveadmin\yii\yii\web\CWebApplication.php(282): SiteController->run()
#8 D:\www\liveadmin\yii\yii\web\CWebApplication.php(141): CWebApplication->runController()
#9 D:\www\liveadmin\yii\yii\base\CApplication.php(184): CWebApplication->processRequest()
#10 D:\www\liveadmin\index.php(11): CWebApplication->run()
REQUEST_URI=/index.php/site/
2015/04/14 16:18:27 [error] [php] Use of undefined constant HTML_PARAMS - assumed 'HTML_PARAMS' (D:\www\liveadmin\protected\views\site\frame.php:2)
Stack trace:
#0 D:\www\liveadmin\yii\yii\web\CController.php(869): SiteController->renderFile()
#1 D:\www\liveadmin\yii\yii\web\CController.php(782): SiteController->renderPartial()
#2 D:\www\liveadmin\protected\controllers\SiteController.php(12): SiteController->render()
#3 D:\www\liveadmin\yii\yii\web\actions\CInlineAction.php(49): SiteController->actionIndex()
#4 D:\www\liveadmin\yii\yii\web\CController.php(308): CInlineAction->runWithParams()
#5 D:\www\liveadmin\yii\yii\web\CController.php(286): SiteController->runAction()
#6 D:\www\liveadmin\yii\yii\web\CController.php(265): SiteController->runActionWithFilters()
#7 D:\www\liveadmin\yii\yii\web\CWebApplication.php(282): SiteController->run()
#8 D:\www\liveadmin\yii\yii\web\CWebApplication.php(141): CWebApplication->runController()
#9 D:\www\liveadmin\yii\yii\base\CApplication.php(184): CWebApplication->processRequest()
#10 D:\www\liveadmin\index.php(11): CWebApplication->run()
REQUEST_URI=/index.php/site/index
2015/04/14 16:18:52 [error] [exception.CHttpException.404] exception 'CHttpException' with message 'The system is unable to find the requested action "index".' in D:\www\liveadmin\yii\yii\web\CController.php:483
Stack trace:
#0 D:\www\liveadmin\yii\yii\web\CController.php(270): CController->missingAction('index')
#1 D:\www\liveadmin\yii\yii\web\CWebApplication.php(282): CController->run('index')
#2 D:\www\liveadmin\yii\yii\web\CWebApplication.php(141): CWebApplication->runController('site/index')
#3 D:\www\liveadmin\yii\yii\base\CApplication.php(184): CWebApplication->processRequest()
#4 D:\www\liveadmin\index.php(11): CApplication->run()
#5 {main}
REQUEST_URI=/index.php/site/index
---
2015/04/14 16:21:45 [error] [php] Use of undefined constant HTML_PARAMS - assumed 'HTML_PARAMS' (D:\www\liveadmin\protected\views\site\frame.php:2)
Stack trace:
#0 D:\www\liveadmin\yii\yii\web\CController.php(869): SiteController->renderFile()
#1 D:\www\liveadmin\yii\yii\web\CController.php(782): SiteController->renderPartial()
#2 D:\www\liveadmin\protected\controllers\SiteController.php(7): SiteController->render()
#3 D:\www\liveadmin\yii\yii\web\actions\CInlineAction.php(49): SiteController->actionIndex()
#4 D:\www\liveadmin\yii\yii\web\CController.php(308): CInlineAction->runWithParams()
#5 D:\www\liveadmin\yii\yii\web\CController.php(286): SiteController->runAction()
#6 D:\www\liveadmin\yii\yii\web\CController.php(265): SiteController->runActionWithFilters()
#7 D:\www\liveadmin\yii\yii\web\CWebApplication.php(282): SiteController->run()
#8 D:\www\liveadmin\yii\yii\web\CWebApplication.php(141): CWebApplication->runController()
#9 D:\www\liveadmin\yii\yii\base\CApplication.php(184): CWebApplication->processRequest()
#10 D:\www\liveadmin\index.php(11): CWebApplication->run()
REQUEST_URI=/index.php/site/
2015/04/14 16:22:34 [error] [php] Use of undefined constant HTML_PARAMS - assumed 'HTML_PARAMS' (D:\www\liveadmin\protected\views\site\frame.php:2)
Stack trace:
#0 D:\www\liveadmin\yii\yii\web\CController.php(869): SiteController->renderFile()
#1 D:\www\liveadmin\yii\yii\web\CController.php(782): SiteController->renderPartial()
#2 D:\www\liveadmin\protected\controllers\SiteController.php(11): SiteController->render()
#3 D:\www\liveadmin\yii\yii\web\actions\CInlineAction.php(49): SiteController->actionIndex()
#4 D:\www\liveadmin\yii\yii\web\CController.php(308): CInlineAction->runWithParams()
#5 D:\www\liveadmin\yii\yii\web\CController.php(286): SiteController->runAction()
#6 D:\www\liveadmin\yii\yii\web\CController.php(265): SiteController->runActionWithFilters()
#7 D:\www\liveadmin\yii\yii\web\CWebApplication.php(282): SiteController->run()
#8 D:\www\liveadmin\yii\yii\web\CWebApplication.php(141): CWebApplication->runController()
#9 D:\www\liveadmin\yii\yii\base\CApplication.php(184): CWebApplication->processRequest()
#10 D:\www\liveadmin\index.php(11): CWebApplication->run()
REQUEST_URI=/index.php/site/
2015/04/14 16:22:36 [error] [php] Use of undefined constant HTML_PARAMS - assumed 'HTML_PARAMS' (D:\www\liveadmin\protected\views\site\frame.php:2)
Stack trace:
#0 D:\www\liveadmin\yii\yii\web\CController.php(869): SiteController->renderFile()
#1 D:\www\liveadmin\yii\yii\web\CController.php(782): SiteController->renderPartial()
#2 D:\www\liveadmin\protected\controllers\SiteController.php(11): SiteController->render()
#3 D:\www\liveadmin\yii\yii\web\actions\CInlineAction.php(49): SiteController->actionIndex()
#4 D:\www\liveadmin\yii\yii\web\CController.php(308): CInlineAction->runWithParams()
#5 D:\www\liveadmin\yii\yii\web\CController.php(286): SiteController->runAction()
#6 D:\www\liveadmin\yii\yii\web\CController.php(265): SiteController->runActionWithFilters()
#7 D:\www\liveadmin\yii\yii\web\CWebApplication.php(282): SiteController->run()
#8 D:\www\liveadmin\yii\yii\web\CWebApplication.php(141): CWebApplication->runController()
#9 D:\www\liveadmin\yii\yii\base\CApplication.php(184): CWebApplication->processRequest()
#10 D:\www\liveadmin\index.php(11): CWebApplication->run()
REQUEST_URI=/index.php/site/
2015/04/14 16:22:36 [error] [php] Use of undefined constant HTML_PARAMS - assumed 'HTML_PARAMS' (D:\www\liveadmin\protected\views\site\frame.php:2)
Stack trace:
#0 D:\www\liveadmin\yii\yii\web\CController.php(869): SiteController->renderFile()
#1 D:\www\liveadmin\yii\yii\web\CController.php(782): SiteController->renderPartial()
#2 D:\www\liveadmin\protected\controllers\SiteController.php(11): SiteController->render()
#3 D:\www\liveadmin\yii\yii\web\actions\CInlineAction.php(49): SiteController->actionIndex()
#4 D:\www\liveadmin\yii\yii\web\CController.php(308): CInlineAction->runWithParams()
#5 D:\www\liveadmin\yii\yii\web\CController.php(286): SiteController->runAction()
#6 D:\www\liveadmin\yii\yii\web\CController.php(265): SiteController->runActionWithFilters()
#7 D:\www\liveadmin\yii\yii\web\CWebApplication.php(282): SiteController->run()
#8 D:\www\liveadmin\yii\yii\web\CWebApplication.php(141): CWebApplication->runController()
#9 D:\www\liveadmin\yii\yii\base\CApplication.php(184): CWebApplication->processRequest()
#10 D:\www\liveadmin\index.php(11): CWebApplication->run()
REQUEST_URI=/index.php/site/
2015/04/14 16:22:37 [error] [php] Use of undefined constant HTML_PARAMS - assumed 'HTML_PARAMS' (D:\www\liveadmin\protected\views\site\frame.php:2)
Stack trace:
#0 D:\www\liveadmin\yii\yii\web\CController.php(869): SiteController->renderFile()
#1 D:\www\liveadmin\yii\yii\web\CController.php(782): SiteController->renderPartial()
#2 D:\www\liveadmin\protected\controllers\SiteController.php(11): SiteController->render()
#3 D:\www\liveadmin\yii\yii\web\actions\CInlineAction.php(49): SiteController->actionIndex()
#4 D:\www\liveadmin\yii\yii\web\CController.php(308): CInlineAction->runWithParams()
#5 D:\www\liveadmin\yii\yii\web\CController.php(286): SiteController->runAction()
#6 D:\www\liveadmin\yii\yii\web\CController.php(265): SiteController->runActionWithFilters()
#7 D:\www\liveadmin\yii\yii\web\CWebApplication.php(282): SiteController->run()
#8 D:\www\liveadmin\yii\yii\web\CWebApplication.php(141): CWebApplication->runController()
#9 D:\www\liveadmin\yii\yii\base\CApplication.php(184): CWebApplication->processRequest()
#10 D:\www\liveadmin\index.php(11): CWebApplication->run()
REQUEST_URI=/index.php/site/
2015/04/14 16:22:37 [error] [php] Use of undefined constant HTML_PARAMS - assumed 'HTML_PARAMS' (D:\www\liveadmin\protected\views\site\frame.php:2)
Stack trace:
#0 D:\www\liveadmin\yii\yii\web\CController.php(869): SiteController->renderFile()
#1 D:\www\liveadmin\yii\yii\web\CController.php(782): SiteController->renderPartial()
#2 D:\www\liveadmin\protected\controllers\SiteController.php(11): SiteController->render()
#3 D:\www\liveadmin\yii\yii\web\actions\CInlineAction.php(49): SiteController->actionIndex()
#4 D:\www\liveadmin\yii\yii\web\CController.php(308): CInlineAction->runWithParams()
#5 D:\www\liveadmin\yii\yii\web\CController.php(286): SiteController->runAction()
#6 D:\www\liveadmin\yii\yii\web\CController.php(265): SiteController->runActionWithFilters()
#7 D:\www\liveadmin\yii\yii\web\CWebApplication.php(282): SiteController->run()
#8 D:\www\liveadmin\yii\yii\web\CWebApplication.php(141): CWebApplication->runController()
#9 D:\www\liveadmin\yii\yii\base\CApplication.php(184): CWebApplication->processRequest()
#10 D:\www\liveadmin\index.php(11): CWebApplication->run()
REQUEST_URI=/index.php/site/
2015/04/14 16:22:45 [error] [php] Use of undefined constant HTML_PARAMS - assumed 'HTML_PARAMS' (D:\www\liveadmin\protected\views\site\frame.php:2)
Stack trace:
#0 D:\www\liveadmin\yii\yii\web\CController.php(869): SiteController->renderFile()
#1 D:\www\liveadmin\yii\yii\web\CController.php(782): SiteController->renderPartial()
#2 D:\www\liveadmin\protected\controllers\SiteController.php(11): SiteController->render()
#3 D:\www\liveadmin\yii\yii\web\actions\CInlineAction.php(49): SiteController->actionIndex()
#4 D:\www\liveadmin\yii\yii\web\CController.php(308): CInlineAction->runWithParams()
#5 D:\www\liveadmin\yii\yii\web\CController.php(286): SiteController->runAction()
#6 D:\www\liveadmin\yii\yii\web\CController.php(265): SiteController->runActionWithFilters()
#7 D:\www\liveadmin\yii\yii\web\CWebApplication.php(282): SiteController->run()
#8 D:\www\liveadmin\yii\yii\web\CWebApplication.php(141): CWebApplication->runController()
#9 D:\www\liveadmin\yii\yii\base\CApplication.php(184): CWebApplication->processRequest()
#10 D:\www\liveadmin\index.php(11): CWebApplication->run()
REQUEST_URI=/index.php/site/index
2015/04/14 16:22:51 [error] [exception.CHttpException.404] exception 'CHttpException' with message 'The system is unable to find the requested action "page".' in D:\www\liveadmin\yii\yii\web\CController.php:483
Stack trace:
#0 D:\www\liveadmin\yii\yii\web\CController.php(270): CController->missingAction('page')
#1 D:\www\liveadmin\yii\yii\web\CWebApplication.php(282): CController->run('page')
#2 D:\www\liveadmin\yii\yii\web\CWebApplication.php(141): CWebApplication->runController('site/page')
#3 D:\www\liveadmin\yii\yii\base\CApplication.php(184): CWebApplication->processRequest()
#4 D:\www\liveadmin\index.php(11): CApplication->run()
#5 {main}
REQUEST_URI=/index.php/site/page?view=about
HTTP_REFERER=http://admin.live.com/index.php/
---
2015/04/14 16:22:59 [error] [exception.CHttpException.404] exception 'CHttpException' with message 'The system is unable to find the requested action "contact".' in D:\www\liveadmin\yii\yii\web\CController.php:483
Stack trace:
#0 D:\www\liveadmin\yii\yii\web\CController.php(270): CController->missingAction('contact')
#1 D:\www\liveadmin\yii\yii\web\CWebApplication.php(282): CController->run('contact')
#2 D:\www\liveadmin\yii\yii\web\CWebApplication.php(141): CWebApplication->runController('site/contact')
#3 D:\www\liveadmin\yii\yii\base\CApplication.php(184): CWebApplication->processRequest()
#4 D:\www\liveadmin\index.php(11): CApplication->run()
#5 {main}
REQUEST_URI=/index.php/site/contact
HTTP_REFERER=http://admin.live.com/index.php/post/index
---
2015/04/14 16:23:33 [error] [exception.CHttpException.404] exception 'CHttpException' with message 'The system is unable to find the requested action "contact".' in D:\www\liveadmin\yii\yii\web\CController.php:483
Stack trace:
#0 D:\www\liveadmin\yii\yii\web\CController.php(270): CController->missingAction('contact')
#1 D:\www\liveadmin\yii\yii\web\CWebApplication.php(282): CController->run('contact')
#2 D:\www\liveadmin\yii\yii\web\CWebApplication.php(141): CWebApplication->runController('site/contact')
#3 D:\www\liveadmin\yii\yii\base\CApplication.php(184): CWebApplication->processRequest()
#4 D:\www\liveadmin\index.php(11): CApplication->run()
#5 {main}
REQUEST_URI=/index.php/site/contact
HTTP_REFERER=http://admin.live.com/index.php/post/index
---
2015/04/14 16:23:56 [error] [exception.CHttpException.404] exception 'CHttpException' with message 'The system is unable to find the requested action "contact".' in D:\www\liveadmin\yii\yii\web\CController.php:483
Stack trace:
#0 D:\www\liveadmin\yii\yii\web\CController.php(270): CController->missingAction('contact')
#1 D:\www\liveadmin\yii\yii\web\CWebApplication.php(282): CController->run('contact')
#2 D:\www\liveadmin\yii\yii\web\CWebApplication.php(141): CWebApplication->runController('site/contact')
#3 D:\www\liveadmin\yii\yii\base\CApplication.php(184): CWebApplication->processRequest()
#4 D:\www\liveadmin\index.php(11): CApplication->run()
#5 {main}
REQUEST_URI=/index.php/site/contact
HTTP_REFERER=http://admin.live.com/index.php/post/index
---
2015/04/14 16:24:16 [error] [php] Use of undefined constant HTML_PARAMS - assumed 'HTML_PARAMS' (D:\www\liveadmin\protected\views\site\frame.php:2)
Stack trace:
#0 D:\www\liveadmin\yii\yii\web\CController.php(869): SiteController->renderFile()
#1 D:\www\liveadmin\yii\yii\web\CController.php(782): SiteController->renderPartial()
#2 D:\www\liveadmin\protected\controllers\SiteController.php(7): SiteController->render()
#3 D:\www\liveadmin\yii\yii\web\actions\CInlineAction.php(49): SiteController->actionIndex()
#4 D:\www\liveadmin\yii\yii\web\CController.php(308): CInlineAction->runWithParams()
#5 D:\www\liveadmin\yii\yii\web\CController.php(286): SiteController->runAction()
#6 D:\www\liveadmin\yii\yii\web\CController.php(265): SiteController->runActionWithFilters()
#7 D:\www\liveadmin\yii\yii\web\CWebApplication.php(282): SiteController->run()
#8 D:\www\liveadmin\yii\yii\web\CWebApplication.php(141): CWebApplication->runController()
#9 D:\www\liveadmin\yii\yii\base\CApplication.php(184): CWebApplication->processRequest()
#10 D:\www\liveadmin\index.php(11): CWebApplication->run()
REQUEST_URI=/index.php/site/
2015/04/14 16:24:36 [error] [exception.CException] exception 'CException' with message 'Property "SiteController.baseUrl" is not defined.' in D:\www\liveadmin\yii\yii\base\CComponent.php:130
Stack trace:
#0 D:\www\liveadmin\protected\views\site\frame.php(7): CComponent->__get('baseUrl')
#1 D:\www\liveadmin\yii\yii\web\CBaseController.php(126): require('D:\www\liveadmi...')
#2 D:\www\liveadmin\yii\yii\web\CBaseController.php(95): CBaseController->renderInternal('D:\www\liveadmi...', NULL, true)
#3 D:\www\liveadmin\yii\yii\web\CController.php(869): CBaseController->renderFile('D:\www\liveadmi...', NULL, true)
#4 D:\www\liveadmin\yii\yii\web\CController.php(782): CController->renderPartial('frame', NULL, true)
#5 D:\www\liveadmin\protected\controllers\SiteController.php(7): CController->render('frame')
#6 D:\www\liveadmin\yii\yii\web\actions\CInlineAction.php(49): SiteController->actionIndex()
#7 D:\www\liveadmin\yii\yii\web\CController.php(308): CInlineAction->runWithParams(Array)
#8 D:\www\liveadmin\yii\yii\web\CController.php(286): CController->runAction(Object(CInlineAction))
#9 D:\www\liveadmin\yii\yii\web\CController.php(265): CController->runActionWithFilters(Object(CInlineAction), Array)
#10 D:\www\liveadmin\yii\yii\web\CWebApplication.php(282): CController->run('')
#11 D:\www\liveadmin\yii\yii\web\CWebApplication.php(141): CWebApplication->runController('site')
#12 D:\www\liveadmin\yii\yii\base\CApplication.php(184): CWebApplication->processRequest()
#13 D:\www\liveadmin\index.php(11): CApplication->run()
#14 {main}
REQUEST_URI=/index.php/site/
---
2015/04/14 16:24:55 [error] [exception.CException] exception 'CException' with message 'Property "SiteController.baseUrl" is not defined.' in D:\www\liveadmin\yii\yii\base\CComponent.php:130
Stack trace:
#0 D:\www\liveadmin\protected\views\site\frame.php(7): CComponent->__get('baseUrl')
#1 D:\www\liveadmin\yii\yii\web\CBaseController.php(126): require('D:\www\liveadmi...')
#2 D:\www\liveadmin\yii\yii\web\CBaseController.php(95): CBaseController->renderInternal('D:\www\liveadmi...', NULL, true)
#3 D:\www\liveadmin\yii\yii\web\CController.php(869): CBaseController->renderFile('D:\www\liveadmi...', NULL, true)
#4 D:\www\liveadmin\yii\yii\web\CController.php(782): CController->renderPartial('frame', NULL, true)
#5 D:\www\liveadmin\protected\controllers\SiteController.php(8): CController->render('frame')
#6 D:\www\liveadmin\yii\yii\web\actions\CInlineAction.php(49): SiteController->actionIndex()
#7 D:\www\liveadmin\yii\yii\web\CController.php(308): CInlineAction->runWithParams(Array)
#8 D:\www\liveadmin\yii\yii\web\CController.php(286): CController->runAction(Object(CInlineAction))
#9 D:\www\liveadmin\yii\yii\web\CController.php(265): CController->runActionWithFilters(Object(CInlineAction), Array)
#10 D:\www\liveadmin\yii\yii\web\CWebApplication.php(282): CController->run('')
#11 D:\www\liveadmin\yii\yii\web\CWebApplication.php(141): CWebApplication->runController('site')
#12 D:\www\liveadmin\yii\yii\base\CApplication.php(184): CWebApplication->processRequest()
#13 D:\www\liveadmin\index.php(11): CApplication->run()
#14 {main}
REQUEST_URI=/index.php/site/
---
2015/04/14 16:24:56 [error] [exception.CException] exception 'CException' with message 'Property "SiteController.baseUrl" is not defined.' in D:\www\liveadmin\yii\yii\base\CComponent.php:130
Stack trace:
#0 D:\www\liveadmin\protected\views\site\frame.php(7): CComponent->__get('baseUrl')
#1 D:\www\liveadmin\yii\yii\web\CBaseController.php(126): require('D:\www\liveadmi...')
#2 D:\www\liveadmin\yii\yii\web\CBaseController.php(95): CBaseController->renderInternal('D:\www\liveadmi...', NULL, true)
#3 D:\www\liveadmin\yii\yii\web\CController.php(869): CBaseController->renderFile('D:\www\liveadmi...', NULL, true)
#4 D:\www\liveadmin\yii\yii\web\CController.php(782): CController->renderPartial('frame', NULL, true)
#5 D:\www\liveadmin\protected\controllers\SiteController.php(8): CController->render('frame')
#6 D:\www\liveadmin\yii\yii\web\actions\CInlineAction.php(49): SiteController->actionIndex()
#7 D:\www\liveadmin\yii\yii\web\CController.php(308): CInlineAction->runWithParams(Array)
#8 D:\www\liveadmin\yii\yii\web\CController.php(286): CController->runAction(Object(CInlineAction))
#9 D:\www\liveadmin\yii\yii\web\CController.php(265): CController->runActionWithFilters(Object(CInlineAction), Array)
#10 D:\www\liveadmin\yii\yii\web\CWebApplication.php(282): CController->run('')
#11 D:\www\liveadmin\yii\yii\web\CWebApplication.php(141): CWebApplication->runController('site')
#12 D:\www\liveadmin\yii\yii\base\CApplication.php(184): CWebApplication->processRequest()
#13 D:\www\liveadmin\index.php(11): CApplication->run()
#14 {main}
REQUEST_URI=/index.php/site/
---
2015/04/14 16:24:56 [error] [exception.CException] exception 'CException' with message 'Property "SiteController.baseUrl" is not defined.' in D:\www\liveadmin\yii\yii\base\CComponent.php:130
Stack trace:
#0 D:\www\liveadmin\protected\views\site\frame.php(7): CComponent->__get('baseUrl')
#1 D:\www\liveadmin\yii\yii\web\CBaseController.php(126): require('D:\www\liveadmi...')
#2 D:\www\liveadmin\yii\yii\web\CBaseController.php(95): CBaseController->renderInternal('D:\www\liveadmi...', NULL, true)
#3 D:\www\liveadmin\yii\yii\web\CController.php(869): CBaseController->renderFile('D:\www\liveadmi...', NULL, true)
#4 D:\www\liveadmin\yii\yii\web\CController.php(782): CController->renderPartial('frame', NULL, true)
#5 D:\www\liveadmin\protected\controllers\SiteController.php(8): CController->render('frame')
#6 D:\www\liveadmin\yii\yii\web\actions\CInlineAction.php(49): SiteController->actionIndex()
#7 D:\www\liveadmin\yii\yii\web\CController.php(308): CInlineAction->runWithParams(Array)
#8 D:\www\liveadmin\yii\yii\web\CController.php(286): CController->runAction(Object(CInlineAction))
#9 D:\www\liveadmin\yii\yii\web\CController.php(265): CController->runActionWithFilters(Object(CInlineAction), Array)
#10 D:\www\liveadmin\yii\yii\web\CWebApplication.php(282): CController->run('')
#11 D:\www\liveadmin\yii\yii\web\CWebApplication.php(141): CWebApplication->runController('site')
#12 D:\www\liveadmin\yii\yii\base\CApplication.php(184): CWebApplication->processRequest()
#13 D:\www\liveadmin\index.php(11): CApplication->run()
#14 {main}
REQUEST_URI=/index.php/site/
---
2015/04/14 16:24:56 [error] [exception.CException] exception 'CException' with message 'Property "SiteController.baseUrl" is not defined.' in D:\www\liveadmin\yii\yii\base\CComponent.php:130
Stack trace:
#0 D:\www\liveadmin\protected\views\site\frame.php(7): CComponent->__get('baseUrl')
#1 D:\www\liveadmin\yii\yii\web\CBaseController.php(126): require('D:\www\liveadmi...')
#2 D:\www\liveadmin\yii\yii\web\CBaseController.php(95): CBaseController->renderInternal('D:\www\liveadmi...', NULL, true)
#3 D:\www\liveadmin\yii\yii\web\CController.php(869): CBaseController->renderFile('D:\www\liveadmi...', NULL, true)
#4 D:\www\liveadmin\yii\yii\web\CController.php(782): CController->renderPartial('frame', NULL, true)
#5 D:\www\liveadmin\protected\controllers\SiteController.php(8): CController->render('frame')
#6 D:\www\liveadmin\yii\yii\web\actions\CInlineAction.php(49): SiteController->actionIndex()
#7 D:\www\liveadmin\yii\yii\web\CController.php(308): CInlineAction->runWithParams(Array)
#8 D:\www\liveadmin\yii\yii\web\CController.php(286): CController->runAction(Object(CInlineAction))
#9 D:\www\liveadmin\yii\yii\web\CController.php(265): CController->runActionWithFilters(Object(CInlineAction), Array)
#10 D:\www\liveadmin\yii\yii\web\CWebApplication.php(282): CController->run('')
#11 D:\www\liveadmin\yii\yii\web\CWebApplication.php(141): CWebApplication->runController('site')
#12 D:\www\liveadmin\yii\yii\base\CApplication.php(184): CWebApplication->processRequest()
#13 D:\www\liveadmin\index.php(11): CApplication->run()
#14 {main}
REQUEST_URI=/index.php/site/
---
2015/04/14 16:26:13 [error] [exception.CException] exception 'CException' with message 'Property "SiteController.baseUrl" is not defined.' in D:\www\liveadmin\yii\yii\base\CComponent.php:130
Stack trace:
#0 D:\www\liveadmin\protected\views\site\frame.php(7): CComponent->__get('baseUrl')
#1 D:\www\liveadmin\yii\yii\web\CBaseController.php(126): require('D:\www\liveadmi...')
#2 D:\www\liveadmin\yii\yii\web\CBaseController.php(95): CBaseController->renderInternal('D:\www\liveadmi...', NULL, true)
#3 D:\www\liveadmin\yii\yii\web\CController.php(869): CBaseController->renderFile('D:\www\liveadmi...', NULL, true)
#4 D:\www\liveadmin\yii\yii\web\CController.php(782): CController->renderPartial('frame', NULL, true)
#5 D:\www\liveadmin\protected\controllers\SiteController.php(8): CController->render('frame')
#6 D:\www\liveadmin\yii\yii\web\actions\CInlineAction.php(49): SiteController->actionIndex()
#7 D:\www\liveadmin\yii\yii\web\CController.php(308): CInlineAction->runWithParams(Array)
#8 D:\www\liveadmin\yii\yii\web\CController.php(286): CController->runAction(Object(CInlineAction))
#9 D:\www\liveadmin\yii\yii\web\CController.php(265): CController->runActionWithFilters(Object(CInlineAction), Array)
#10 D:\www\liveadmin\yii\yii\web\CWebApplication.php(282): CController->run('')
#11 D:\www\liveadmin\yii\yii\web\CWebApplication.php(141): CWebApplication->runController('site')
#12 D:\www\liveadmin\yii\yii\base\CApplication.php(184): CWebApplication->processRequest()
#13 D:\www\liveadmin\index.php(11): CApplication->run()
#14 {main}
REQUEST_URI=/index.php/site/
---
2015/04/14 16:26:15 [error] [exception.CException] exception 'CException' with message 'Property "SiteController.baseUrl" is not defined.' in D:\www\liveadmin\yii\yii\base\CComponent.php:130
Stack trace:
#0 D:\www\liveadmin\protected\views\site\frame.php(7): CComponent->__get('baseUrl')
#1 D:\www\liveadmin\yii\yii\web\CBaseController.php(126): require('D:\www\liveadmi...')
#2 D:\www\liveadmin\yii\yii\web\CBaseController.php(95): CBaseController->renderInternal('D:\www\liveadmi...', NULL, true)
#3 D:\www\liveadmin\yii\yii\web\CController.php(869): CBaseController->renderFile('D:\www\liveadmi...', NULL, true)
#4 D:\www\liveadmin\yii\yii\web\CController.php(782): CController->renderPartial('frame', NULL, true)
#5 D:\www\liveadmin\protected\controllers\SiteController.php(8): CController->render('frame')
#6 D:\www\liveadmin\yii\yii\web\actions\CInlineAction.php(49): SiteController->actionIndex()
#7 D:\www\liveadmin\yii\yii\web\CController.php(308): CInlineAction->runWithParams(Array)
#8 D:\www\liveadmin\yii\yii\web\CController.php(286): CController->runAction(Object(CInlineAction))
#9 D:\www\liveadmin\yii\yii\web\CController.php(265): CController->runActionWithFilters(Object(CInlineAction), Array)
#10 D:\www\liveadmin\yii\yii\web\CWebApplication.php(282): CController->run('')
#11 D:\www\liveadmin\yii\yii\web\CWebApplication.php(141): CWebApplication->runController('site')
#12 D:\www\liveadmin\yii\yii\base\CApplication.php(184): CWebApplication->processRequest()
#13 D:\www\liveadmin\index.php(11): CApplication->run()
#14 {main}
REQUEST_URI=/index.php/site/
---
2015/04/14 16:26:16 [error] [exception.CException] exception 'CException' with message 'Property "SiteController.baseUrl" is not defined.' in D:\www\liveadmin\yii\yii\base\CComponent.php:130
Stack trace:
#0 D:\www\liveadmin\protected\views\site\frame.php(7): CComponent->__get('baseUrl')
#1 D:\www\liveadmin\yii\yii\web\CBaseController.php(126): require('D:\www\liveadmi...')
#2 D:\www\liveadmin\yii\yii\web\CBaseController.php(95): CBaseController->renderInternal('D:\www\liveadmi...', NULL, true)
#3 D:\www\liveadmin\yii\yii\web\CController.php(869): CBaseController->renderFile('D:\www\liveadmi...', NULL, true)
#4 D:\www\liveadmin\yii\yii\web\CController.php(782): CController->renderPartial('frame', NULL, true)
#5 D:\www\liveadmin\protected\controllers\SiteController.php(8): CController->render('frame')
#6 D:\www\liveadmin\yii\yii\web\actions\CInlineAction.php(49): SiteController->actionIndex()
#7 D:\www\liveadmin\yii\yii\web\CController.php(308): CInlineAction->runWithParams(Array)
#8 D:\www\liveadmin\yii\yii\web\CController.php(286): CController->runAction(Object(CInlineAction))
#9 D:\www\liveadmin\yii\yii\web\CController.php(265): CController->runActionWithFilters(Object(CInlineAction), Array)
#10 D:\www\liveadmin\yii\yii\web\CWebApplication.php(282): CController->run('')
#11 D:\www\liveadmin\yii\yii\web\CWebApplication.php(141): CWebApplication->runController('site')
#12 D:\www\liveadmin\yii\yii\base\CApplication.php(184): CWebApplication->processRequest()
#13 D:\www\liveadmin\index.php(11): CApplication->run()
#14 {main}
REQUEST_URI=/index.php/site/
---
2015/04/14 16:26:16 [error] [exception.CException] exception 'CException' with message 'Property "SiteController.baseUrl" is not defined.' in D:\www\liveadmin\yii\yii\base\CComponent.php:130
Stack trace:
#0 D:\www\liveadmin\protected\views\site\frame.php(7): CComponent->__get('baseUrl')
#1 D:\www\liveadmin\yii\yii\web\CBaseController.php(126): require('D:\www\liveadmi...')
#2 D:\www\liveadmin\yii\yii\web\CBaseController.php(95): CBaseController->renderInternal('D:\www\liveadmi...', NULL, true)
#3 D:\www\liveadmin\yii\yii\web\CController.php(869): CBaseController->renderFile('D:\www\liveadmi...', NULL, true)
#4 D:\www\liveadmin\yii\yii\web\CController.php(782): CController->renderPartial('frame', NULL, true)
#5 D:\www\liveadmin\protected\controllers\SiteController.php(8): CController->render('frame')
#6 D:\www\liveadmin\yii\yii\web\actions\CInlineAction.php(49): SiteController->actionIndex()
#7 D:\www\liveadmin\yii\yii\web\CController.php(308): CInlineAction->runWithParams(Array)
#8 D:\www\liveadmin\yii\yii\web\CController.php(286): CController->runAction(Object(CInlineAction))
#9 D:\www\liveadmin\yii\yii\web\CController.php(265): CController->runActionWithFilters(Object(CInlineAction), Array)
#10 D:\www\liveadmin\yii\yii\web\CWebApplication.php(282): CController->run('')
#11 D:\www\liveadmin\yii\yii\web\CWebApplication.php(141): CWebApplication->runController('site')
#12 D:\www\liveadmin\yii\yii\base\CApplication.php(184): CWebApplication->processRequest()
#13 D:\www\liveadmin\index.php(11): CApplication->run()
#14 {main}
REQUEST_URI=/index.php/site/
---
2015/04/14 16:27:17 [error] [exception.CException] exception 'CException' with message 'Property "SiteController.baseUrl" is not defined.' in D:\www\liveadmin\yii\yii\base\CComponent.php:130
Stack trace:
#0 D:\www\liveadmin\protected\views\site\frame.php(7): CComponent->__get('baseUrl')
#1 D:\www\liveadmin\yii\yii\web\CBaseController.php(126): require('D:\www\liveadmi...')
#2 D:\www\liveadmin\yii\yii\web\CBaseController.php(95): CBaseController->renderInternal('D:\www\liveadmi...', NULL, true)
#3 D:\www\liveadmin\yii\yii\web\CController.php(869): CBaseController->renderFile('D:\www\liveadmi...', NULL, true)
#4 D:\www\liveadmin\yii\yii\web\CController.php(782): CController->renderPartial('frame', NULL, true)
#5 D:\www\liveadmin\protected\controllers\SiteController.php(8): CController->render('frame')
#6 D:\www\liveadmin\yii\yii\web\actions\CInlineAction.php(49): SiteController->actionIndex()
#7 D:\www\liveadmin\yii\yii\web\CController.php(308): CInlineAction->runWithParams(Array)
#8 D:\www\liveadmin\yii\yii\web\CController.php(286): CController->runAction(Object(CInlineAction))
#9 D:\www\liveadmin\yii\yii\web\CController.php(265): CController->runActionWithFilters(Object(CInlineAction), Array)
#10 D:\www\liveadmin\yii\yii\web\CWebApplication.php(282): CController->run('')
#11 D:\www\liveadmin\yii\yii\web\CWebApplication.php(141): CWebApplication->runController('site')
#12 D:\www\liveadmin\yii\yii\base\CApplication.php(184): CWebApplication->processRequest()
#13 D:\www\liveadmin\index.php(11): CApplication->run()
#14 {main}
REQUEST_URI=/index.php/site/
---
2015/04/14 16:27:19 [error] [exception.CException] exception 'CException' with message 'Property "SiteController.baseUrl" is not defined.' in D:\www\liveadmin\yii\yii\base\CComponent.php:130
Stack trace:
#0 D:\www\liveadmin\protected\views\site\frame.php(7): CComponent->__get('baseUrl')
#1 D:\www\liveadmin\yii\yii\web\CBaseController.php(126): require('D:\www\liveadmi...')
#2 D:\www\liveadmin\yii\yii\web\CBaseController.php(95): CBaseController->renderInternal('D:\www\liveadmi...', NULL, true)
#3 D:\www\liveadmin\yii\yii\web\CController.php(869): CBaseController->renderFile('D:\www\liveadmi...', NULL, true)
#4 D:\www\liveadmin\yii\yii\web\CController.php(782): CController->renderPartial('frame', NULL, true)
#5 D:\www\liveadmin\protected\controllers\SiteController.php(8): CController->render('frame')
#6 D:\www\liveadmin\yii\yii\web\actions\CInlineAction.php(49): SiteController->actionIndex()
#7 D:\www\liveadmin\yii\yii\web\CController.php(308): CInlineAction->runWithParams(Array)
#8 D:\www\liveadmin\yii\yii\web\CController.php(286): CController->runAction(Object(CInlineAction))
#9 D:\www\liveadmin\yii\yii\web\CController.php(265): CController->runActionWithFilters(Object(CInlineAction), Array)
#10 D:\www\liveadmin\yii\yii\web\CWebApplication.php(282): CController->run('')
#11 D:\www\liveadmin\yii\yii\web\CWebApplication.php(141): CWebApplication->runController('site')
#12 D:\www\liveadmin\yii\yii\base\CApplication.php(184): CWebApplication->processRequest()
#13 D:\www\liveadmin\index.php(11): CApplication->run()
#14 {main}
REQUEST_URI=/index.php/site/
---
2015/04/14 16:27:26 [error] [php] include(BaseController.php): failed to open stream: No such file or directory (D:\www\liveadmin\yii\yii\YiiBase.php:432)
Stack trace:
#0 D:\www\liveadmin\protected\controllers\SiteController.php(4): spl_autoload_call()
#1 D:\www\liveadmin\yii\yii\web\CWebApplication.php(354): require()
#2 D:\www\liveadmin\yii\yii\web\CWebApplication.php(276): CWebApplication->createController()
#3 D:\www\liveadmin\yii\yii\web\CWebApplication.php(141): CWebApplication->runController()
#4 D:\www\liveadmin\yii\yii\base\CApplication.php(184): CWebApplication->processRequest()
#5 D:\www\liveadmin\index.php(11): CWebApplication->run()
REQUEST_URI=/index.php/site/
2015/04/14 16:28:00 [error] [php] include(BaseController.php): failed to open stream: No such file or directory (D:\www\liveadmin\yii\yii\YiiBase.php:432)
Stack trace:
#0 D:\www\liveadmin\protected\controllers\SiteController.php(4): spl_autoload_call()
#1 D:\www\liveadmin\yii\yii\web\CWebApplication.php(354): require()
#2 D:\www\liveadmin\yii\yii\web\CWebApplication.php(276): CWebApplication->createController()
#3 D:\www\liveadmin\yii\yii\web\CWebApplication.php(141): CWebApplication->runController()
#4 D:\www\liveadmin\yii\yii\base\CApplication.php(184): CWebApplication->processRequest()
#5 D:\www\liveadmin\index.php(11): CWebApplication->run()
REQUEST_URI=/index.php/site/
2015/04/14 16:28:01 [error] [php] include(BaseController.php): failed to open stream: No such file or directory (D:\www\liveadmin\yii\yii\YiiBase.php:432)
Stack trace:
#0 D:\www\liveadmin\protected\controllers\SiteController.php(4): spl_autoload_call()
#1 D:\www\liveadmin\yii\yii\web\CWebApplication.php(354): require()
#2 D:\www\liveadmin\yii\yii\web\CWebApplication.php(276): CWebApplication->createController()
#3 D:\www\liveadmin\yii\yii\web\CWebApplication.php(141): CWebApplication->runController()
#4 D:\www\liveadmin\yii\yii\base\CApplication.php(184): CWebApplication->processRequest()
#5 D:\www\liveadmin\index.php(11): CWebApplication->run()
REQUEST_URI=/index.php/site/
2015/04/14 16:28:01 [error] [php] include(BaseController.php): failed to open stream: No such file or directory (D:\www\liveadmin\yii\yii\YiiBase.php:432)
Stack trace:
#0 D:\www\liveadmin\protected\controllers\SiteController.php(4): spl_autoload_call()
#1 D:\www\liveadmin\yii\yii\web\CWebApplication.php(354): require()
#2 D:\www\liveadmin\yii\yii\web\CWebApplication.php(276): CWebApplication->createController()
#3 D:\www\liveadmin\yii\yii\web\CWebApplication.php(141): CWebApplication->runController()
#4 D:\www\liveadmin\yii\yii\base\CApplication.php(184): CWebApplication->processRequest()
#5 D:\www\liveadmin\index.php(11): CWebApplication->run()
REQUEST_URI=/index.php/site/
2015/04/14 16:28:01 [error] [php] include(BaseController.php): failed to open stream: No such file or directory (D:\www\liveadmin\yii\yii\YiiBase.php:432)
Stack trace:
#0 D:\www\liveadmin\protected\controllers\SiteController.php(4): spl_autoload_call()
#1 D:\www\liveadmin\yii\yii\web\CWebApplication.php(354): require()
#2 D:\www\liveadmin\yii\yii\web\CWebApplication.php(276): CWebApplication->createController()
#3 D:\www\liveadmin\yii\yii\web\CWebApplication.php(141): CWebApplication->runController()
#4 D:\www\liveadmin\yii\yii\base\CApplication.php(184): CWebApplication->processRequest()
#5 D:\www\liveadmin\index.php(11): CWebApplication->run()
REQUEST_URI=/index.php/site/
2015/04/14 16:28:22 [error] [php] include(BaseController.php): failed to open stream: No such file or directory (D:\www\liveadmin\yii\yii\YiiBase.php:432)
Stack trace:
#0 D:\www\liveadmin\protected\controllers\SiteController.php(4): spl_autoload_call()
#1 D:\www\liveadmin\yii\yii\web\CWebApplication.php(354): require()
#2 D:\www\liveadmin\yii\yii\web\CWebApplication.php(276): CWebApplication->createController()
#3 D:\www\liveadmin\yii\yii\web\CWebApplication.php(141): CWebApplication->runController()
#4 D:\www\liveadmin\yii\yii\base\CApplication.php(184): CWebApplication->processRequest()
#5 D:\www\liveadmin\index.php(11): CWebApplication->run()
REQUEST_URI=/index.php/site/
2015/04/14 16:28:23 [error] [php] include(BaseController.php): failed to open stream: No such file or directory (D:\www\liveadmin\yii\yii\YiiBase.php:432)
Stack trace:
#0 D:\www\liveadmin\protected\controllers\SiteController.php(4): spl_autoload_call()
#1 D:\www\liveadmin\yii\yii\web\CWebApplication.php(354): require()
#2 D:\www\liveadmin\yii\yii\web\CWebApplication.php(276): CWebApplication->createController()
#3 D:\www\liveadmin\yii\yii\web\CWebApplication.php(141): CWebApplication->runController()
#4 D:\www\liveadmin\yii\yii\base\CApplication.php(184): CWebApplication->processRequest()
#5 D:\www\liveadmin\index.php(11): CWebApplication->run()
REQUEST_URI=/index.php/site/
2015/04/14 16:28:23 [error] [php] include(BaseController.php): failed to open stream: No such file or directory (D:\www\liveadmin\yii\yii\YiiBase.php:432)
Stack trace:
#0 D:\www\liveadmin\protected\controllers\SiteController.php(4): spl_autoload_call()
#1 D:\www\liveadmin\yii\yii\web\CWebApplication.php(354): require()
#2 D:\www\liveadmin\yii\yii\web\CWebApplication.php(276): CWebApplication->createController()
#3 D:\www\liveadmin\yii\yii\web\CWebApplication.php(141): CWebApplication->runController()
#4 D:\www\liveadmin\yii\yii\base\CApplication.php(184): CWebApplication->processRequest()
#5 D:\www\liveadmin\index.php(11): CWebApplication->run()
REQUEST_URI=/index.php/site/
2015/04/14 16:28:23 [error] [php] include(BaseController.php): failed to open stream: No such file or directory (D:\www\liveadmin\yii\yii\YiiBase.php:432)
Stack trace:
#0 D:\www\liveadmin\protected\controllers\SiteController.php(4): spl_autoload_call()
#1 D:\www\liveadmin\yii\yii\web\CWebApplication.php(354): require()
#2 D:\www\liveadmin\yii\yii\web\CWebApplication.php(276): CWebApplication->createController()
#3 D:\www\liveadmin\yii\yii\web\CWebApplication.php(141): CWebApplication->runController()
#4 D:\www\liveadmin\yii\yii\base\CApplication.php(184): CWebApplication->processRequest()
#5 D:\www\liveadmin\index.php(11): CWebApplication->run()
REQUEST_URI=/index.php/site/
2015/04/14 16:29:58 [error] [php] Use of undefined constant CHARSET - assumed 'CHARSET' (D:\www\liveadmin\protected\controllers\BaseController.php:44)
Stack trace:
#0 D:\www\liveadmin\yii\yii\web\CWebApplication.php(141): CWebApplication->runController()
#1 D:\www\liveadmin\yii\yii\base\CApplication.php(184): CWebApplication->processRequest()
#2 D:\www\liveadmin\index.php(11): CWebApplication->run()
REQUEST_URI=/index.php/site/
2015/04/14 16:32:40 [error] [php] include(Breadcrumbs.php): failed to open stream: No such file or directory (D:\www\liveadmin\yii\yii\YiiBase.php:432)
Stack trace:
#0 D:\www\liveadmin\protected\controllers\BaseController.php(32): spl_autoload_call()
#1 D:\www\liveadmin\yii\yii\web\CWebApplication.php(359): SiteController->__construct()
#2 D:\www\liveadmin\yii\yii\web\CWebApplication.php(276): CWebApplication->createController()
#3 D:\www\liveadmin\yii\yii\web\CWebApplication.php(141): CWebApplication->runController()
#4 D:\www\liveadmin\yii\yii\base\CApplication.php(184): CWebApplication->processRequest()
#5 D:\www\liveadmin\index.php(11): CWebApplication->run()
REQUEST_URI=/index.php/site/
2015/04/14 16:33:38 [error] [exception.CException] exception 'CException' with message 'Alias "webeez.extensions.BackendAccessFilter" is invalid. Make sure it points to an existing directory or file.' in D:\www\liveadmin\yii\yii\YiiBase.php:348
Stack trace:
#0 D:\www\liveadmin\yii\yii\YiiBase.php(196): YiiBase::import('webeez.extensio...', true)
#1 D:\www\liveadmin\yii\yii\web\filters\CFilterChain.php(89): YiiBase::createComponent(Array)
#2 D:\www\liveadmin\yii\yii\web\CController.php(291): CFilterChain::create(Object(SiteController), Object(CInlineAction), Array)
#3 D:\www\liveadmin\yii\yii\web\CController.php(265): CController->runActionWithFilters(Object(CInlineAction), Array)
#4 D:\www\liveadmin\yii\yii\web\CWebApplication.php(282): CController->run('')
#5 D:\www\liveadmin\yii\yii\web\CWebApplication.php(141): CWebApplication->runController('site')
#6 D:\www\liveadmin\yii\yii\base\CApplication.php(184): CWebApplication->processRequest()
#7 D:\www\liveadmin\index.php(11): CApplication->run()
#8 {main}
REQUEST_URI=/index.php/site/
---
2015/04/14 16:33:58 [error] [php] Use of undefined constant PROVIDER_MENU_ORDERS - assumed 'PROVIDER_MENU_ORDERS' (D:\www\liveadmin\protected\views\site\frame.php:73)
Stack trace:
#0 D:\www\liveadmin\yii\yii\web\CController.php(869): SiteController->renderFile()
#1 D:\www\liveadmin\yii\yii\web\CController.php(782): SiteController->renderPartial()
#2 D:\www\liveadmin\protected\controllers\SiteController.php(8): SiteController->render()
#3 D:\www\liveadmin\yii\yii\web\actions\CInlineAction.php(49): SiteController->actionIndex()
#4 D:\www\liveadmin\yii\yii\web\CController.php(308): CInlineAction->runWithParams()
#5 D:\www\liveadmin\yii\yii\web\CController.php(286): SiteController->runAction()
#6 D:\www\liveadmin\yii\yii\web\CController.php(265): SiteController->runActionWithFilters()
#7 D:\www\liveadmin\yii\yii\web\CWebApplication.php(282): SiteController->run()
#8 D:\www\liveadmin\yii\yii\web\CWebApplication.php(141): CWebApplication->runController()
#9 D:\www\liveadmin\yii\yii\base\CApplication.php(184): CWebApplication->processRequest()
#10 D:\www\liveadmin\index.php(11): CWebApplication->run()
REQUEST_URI=/index.php/site/
2015/04/14 16:34:39 [error] [php] Use of undefined constant PROVIDER_MENU_ORDERS - assumed 'PROVIDER_MENU_ORDERS' (D:\www\liveadmin\protected\views\site\frame.php:73)
Stack trace:
#0 D:\www\liveadmin\yii\yii\web\CController.php(869): SiteController->renderFile()
#1 D:\www\liveadmin\yii\yii\web\CController.php(782): SiteController->renderPartial()
#2 D:\www\liveadmin\protected\controllers\SiteController.php(8): SiteController->render()
#3 D:\www\liveadmin\yii\yii\web\actions\CInlineAction.php(49): SiteController->actionIndex()
#4 D:\www\liveadmin\yii\yii\web\CController.php(308): CInlineAction->runWithParams()
#5 D:\www\liveadmin\yii\yii\web\CController.php(286): SiteController->runAction()
#6 D:\www\liveadmin\yii\yii\web\CController.php(265): SiteController->runActionWithFilters()
#7 D:\www\liveadmin\yii\yii\web\CWebApplication.php(282): SiteController->run()
#8 D:\www\liveadmin\yii\yii\web\CWebApplication.php(141): CWebApplication->runController()
#9 D:\www\liveadmin\yii\yii\base\CApplication.php(184): CWebApplication->processRequest()
#10 D:\www\liveadmin\index.php(11): CWebApplication->run()
REQUEST_URI=/index.php/site/
2015/04/14 16:35:12 [error] [php] Use of undefined constant PROVIDER_MENU_ORDERS - assumed 'PROVIDER_MENU_ORDERS' (D:\www\liveadmin\protected\views\site\frame.php:73)
Stack trace:
#0 D:\www\liveadmin\yii\yii\web\CController.php(869): SiteController->renderFile()
#1 D:\www\liveadmin\yii\yii\web\CController.php(782): SiteController->renderPartial()
#2 D:\www\liveadmin\protected\controllers\SiteController.php(8): SiteController->render()
#3 D:\www\liveadmin\yii\yii\web\actions\CInlineAction.php(49): SiteController->actionIndex()
#4 D:\www\liveadmin\yii\yii\web\CController.php(308): CInlineAction->runWithParams()
#5 D:\www\liveadmin\yii\yii\web\CController.php(286): SiteController->runAction()
#6 D:\www\liveadmin\yii\yii\web\CController.php(265): SiteController->runActionWithFilters()
#7 D:\www\liveadmin\yii\yii\web\CWebApplication.php(282): SiteController->run()
#8 D:\www\liveadmin\yii\yii\web\CWebApplication.php(141): CWebApplication->runController()
#9 D:\www\liveadmin\yii\yii\base\CApplication.php(184): CWebApplication->processRequest()
#10 D:\www\liveadmin\index.php(11): CWebApplication->run()
REQUEST_URI=/index.php/site/
2015/04/14 16:35:13 [error] [php] Use of undefined constant PROVIDER_MENU_ORDERS - assumed 'PROVIDER_MENU_ORDERS' (D:\www\liveadmin\protected\views\site\frame.php:73)
Stack trace:
#0 D:\www\liveadmin\yii\yii\web\CController.php(869): SiteController->renderFile()
#1 D:\www\liveadmin\yii\yii\web\CController.php(782): SiteController->renderPartial()
#2 D:\www\liveadmin\protected\controllers\SiteController.php(8): SiteController->render()
#3 D:\www\liveadmin\yii\yii\web\actions\CInlineAction.php(49): SiteController->actionIndex()
#4 D:\www\liveadmin\yii\yii\web\CController.php(308): CInlineAction->runWithParams()
#5 D:\www\liveadmin\yii\yii\web\CController.php(286): SiteController->runAction()
#6 D:\www\liveadmin\yii\yii\web\CController.php(265): SiteController->runActionWithFilters()
#7 D:\www\liveadmin\yii\yii\web\CWebApplication.php(282): SiteController->run()
#8 D:\www\liveadmin\yii\yii\web\CWebApplication.php(141): CWebApplication->runController()
#9 D:\www\liveadmin\yii\yii\base\CApplication.php(184): CWebApplication->processRequest()
#10 D:\www\liveadmin\index.php(11): CWebApplication->run()
REQUEST_URI=/index.php/site/
2015/04/14 16:35:14 [error] [php] Use of undefined constant PROVIDER_MENU_ORDERS - assumed 'PROVIDER_MENU_ORDERS' (D:\www\liveadmin\protected\views\site\frame.php:73)
Stack trace:
#0 D:\www\liveadmin\yii\yii\web\CController.php(869): SiteController->renderFile()
#1 D:\www\liveadmin\yii\yii\web\CController.php(782): SiteController->renderPartial()
#2 D:\www\liveadmin\protected\controllers\SiteController.php(8): SiteController->render()
#3 D:\www\liveadmin\yii\yii\web\actions\CInlineAction.php(49): SiteController->actionIndex()
#4 D:\www\liveadmin\yii\yii\web\CController.php(308): CInlineAction->runWithParams()
#5 D:\www\liveadmin\yii\yii\web\CController.php(286): SiteController->runAction()
#6 D:\www\liveadmin\yii\yii\web\CController.php(265): SiteController->runActionWithFilters()
#7 D:\www\liveadmin\yii\yii\web\CWebApplication.php(282): SiteController->run()
#8 D:\www\liveadmin\yii\yii\web\CWebApplication.php(141): CWebApplication->runController()
#9 D:\www\liveadmin\yii\yii\base\CApplication.php(184): CWebApplication->processRequest()
#10 D:\www\liveadmin\index.php(11): CWebApplication->run()
REQUEST_URI=/index.php/site/
2015/04/14 16:35:14 [error] [php] Use of undefined constant PROVIDER_MENU_ORDERS - assumed 'PROVIDER_MENU_ORDERS' (D:\www\liveadmin\protected\views\site\frame.php:73)
Stack trace:
#0 D:\www\liveadmin\yii\yii\web\CController.php(869): SiteController->renderFile()
#1 D:\www\liveadmin\yii\yii\web\CController.php(782): SiteController->renderPartial()
#2 D:\www\liveadmin\protected\controllers\SiteController.php(8): SiteController->render()
#3 D:\www\liveadmin\yii\yii\web\actions\CInlineAction.php(49): SiteController->actionIndex()
#4 D:\www\liveadmin\yii\yii\web\CController.php(308): CInlineAction->runWithParams()
#5 D:\www\liveadmin\yii\yii\web\CController.php(286): SiteController->runAction()
#6 D:\www\liveadmin\yii\yii\web\CController.php(265): SiteController->runActionWithFilters()
#7 D:\www\liveadmin\yii\yii\web\CWebApplication.php(282): SiteController->run()
#8 D:\www\liveadmin\yii\yii\web\CWebApplication.php(141): CWebApplication->runController()
#9 D:\www\liveadmin\yii\yii\base\CApplication.php(184): CWebApplication->processRequest()
#10 D:\www\liveadmin\index.php(11): CWebApplication->run()
REQUEST_URI=/index.php/site/
2015/04/14 16:35:15 [error] [php] Use of undefined constant PROVIDER_MENU_ORDERS - assumed 'PROVIDER_MENU_ORDERS' (D:\www\liveadmin\protected\views\site\frame.php:73)
Stack trace:
#0 D:\www\liveadmin\yii\yii\web\CController.php(869): SiteController->renderFile()
#1 D:\www\liveadmin\yii\yii\web\CController.php(782): SiteController->renderPartial()
#2 D:\www\liveadmin\protected\controllers\SiteController.php(8): SiteController->render()
#3 D:\www\liveadmin\yii\yii\web\actions\CInlineAction.php(49): SiteController->actionIndex()
#4 D:\www\liveadmin\yii\yii\web\CController.php(308): CInlineAction->runWithParams()
#5 D:\www\liveadmin\yii\yii\web\CController.php(286): SiteController->runAction()
#6 D:\www\liveadmin\yii\yii\web\CController.php(265): SiteController->runActionWithFilters()
#7 D:\www\liveadmin\yii\yii\web\CWebApplication.php(282): SiteController->run()
#8 D:\www\liveadmin\yii\yii\web\CWebApplication.php(141): CWebApplication->runController()
#9 D:\www\liveadmin\yii\yii\base\CApplication.php(184): CWebApplication->processRequest()
#10 D:\www\liveadmin\index.php(11): CWebApplication->run()
REQUEST_URI=/index.php/site/
2015/04/14 16:35:15 [error] [php] Use of undefined constant PROVIDER_MENU_ORDERS - assumed 'PROVIDER_MENU_ORDERS' (D:\www\liveadmin\protected\views\site\frame.php:73)
Stack trace:
#0 D:\www\liveadmin\yii\yii\web\CController.php(869): SiteController->renderFile()
#1 D:\www\liveadmin\yii\yii\web\CController.php(782): SiteController->renderPartial()
#2 D:\www\liveadmin\protected\controllers\SiteController.php(8): SiteController->render()
#3 D:\www\liveadmin\yii\yii\web\actions\CInlineAction.php(49): SiteController->actionIndex()
#4 D:\www\liveadmin\yii\yii\web\CController.php(308): CInlineAction->runWithParams()
#5 D:\www\liveadmin\yii\yii\web\CController.php(286): SiteController->runAction()
#6 D:\www\liveadmin\yii\yii\web\CController.php(265): SiteController->runActionWithFilters()
#7 D:\www\liveadmin\yii\yii\web\CWebApplication.php(282): SiteController->run()
#8 D:\www\liveadmin\yii\yii\web\CWebApplication.php(141): CWebApplication->runController()
#9 D:\www\liveadmin\yii\yii\base\CApplication.php(184): CWebApplication->processRequest()
#10 D:\www\liveadmin\index.php(11): CWebApplication->run()
REQUEST_URI=/index.php/site/
2015/04/14 16:35:39 [error] [php] Use of undefined constant PROVIDER_MENU_ORDERS - assumed 'PROVIDER_MENU_ORDERS' (D:\www\liveadmin\protected\views\site\frame.php:73)
Stack trace:
#0 D:\www\liveadmin\yii\yii\web\CController.php(869): SiteController->renderFile()
#1 D:\www\liveadmin\yii\yii\web\CController.php(782): SiteController->renderPartial()
#2 D:\www\liveadmin\protected\controllers\SiteController.php(8): SiteController->render()
#3 D:\www\liveadmin\yii\yii\web\actions\CInlineAction.php(49): SiteController->actionIndex()
#4 D:\www\liveadmin\yii\yii\web\CController.php(308): CInlineAction->runWithParams()
#5 D:\www\liveadmin\yii\yii\web\CController.php(286): SiteController->runAction()
#6 D:\www\liveadmin\yii\yii\web\CController.php(265): SiteController->runActionWithFilters()
#7 D:\www\liveadmin\yii\yii\web\CWebApplication.php(282): SiteController->run()
#8 D:\www\liveadmin\yii\yii\web\CWebApplication.php(141): CWebApplication->runController()
#9 D:\www\liveadmin\yii\yii\base\CApplication.php(184): CWebApplication->processRequest()
#10 D:\www\liveadmin\index.php(11): CWebApplication->run()
REQUEST_URI=/index.php/site/
2015/04/14 16:35:41 [error] [php] Use of undefined constant PROVIDER_MENU_ORDERS - assumed 'PROVIDER_MENU_ORDERS' (D:\www\liveadmin\protected\views\site\frame.php:73)
Stack trace:
#0 D:\www\liveadmin\yii\yii\web\CController.php(869): SiteController->renderFile()
#1 D:\www\liveadmin\yii\yii\web\CController.php(782): SiteController->renderPartial()
#2 D:\www\liveadmin\protected\controllers\SiteController.php(8): SiteController->render()
#3 D:\www\liveadmin\yii\yii\web\actions\CInlineAction.php(49): SiteController->actionIndex()
#4 D:\www\liveadmin\yii\yii\web\CController.php(308): CInlineAction->runWithParams()
#5 D:\www\liveadmin\yii\yii\web\CController.php(286): SiteController->runAction()
#6 D:\www\liveadmin\yii\yii\web\CController.php(265): SiteController->runActionWithFilters()
#7 D:\www\liveadmin\yii\yii\web\CWebApplication.php(282): SiteController->run()
#8 D:\www\liveadmin\yii\yii\web\CWebApplication.php(141): CWebApplication->runController()
#9 D:\www\liveadmin\yii\yii\base\CApplication.php(184): CWebApplication->processRequest()
#10 D:\www\liveadmin\index.php(11): CWebApplication->run()
REQUEST_URI=/index.php/site/
2015/04/14 16:35:41 [error] [php] Use of undefined constant PROVIDER_MENU_ORDERS - assumed 'PROVIDER_MENU_ORDERS' (D:\www\liveadmin\protected\views\site\frame.php:73)
Stack trace:
#0 D:\www\liveadmin\yii\yii\web\CController.php(869): SiteController->renderFile()
#1 D:\www\liveadmin\yii\yii\web\CController.php(782): SiteController->renderPartial()
#2 D:\www\liveadmin\protected\controllers\SiteController.php(8): SiteController->render()
#3 D:\www\liveadmin\yii\yii\web\actions\CInlineAction.php(49): SiteController->actionIndex()
#4 D:\www\liveadmin\yii\yii\web\CController.php(308): CInlineAction->runWithParams()
#5 D:\www\liveadmin\yii\yii\web\CController.php(286): SiteController->runAction()
#6 D:\www\liveadmin\yii\yii\web\CController.php(265): SiteController->runActionWithFilters()
#7 D:\www\liveadmin\yii\yii\web\CWebApplication.php(282): SiteController->run()
#8 D:\www\liveadmin\yii\yii\web\CWebApplication.php(141): CWebApplication->runController()
#9 D:\www\liveadmin\yii\yii\base\CApplication.php(184): CWebApplication->processRequest()
#10 D:\www\liveadmin\index.php(11): CWebApplication->run()
REQUEST_URI=/index.php/site/
2015/04/14 16:35:41 [error] [php] Use of undefined constant PROVIDER_MENU_ORDERS - assumed 'PROVIDER_MENU_ORDERS' (D:\www\liveadmin\protected\views\site\frame.php:73)
Stack trace:
#0 D:\www\liveadmin\yii\yii\web\CController.php(869): SiteController->renderFile()
#1 D:\www\liveadmin\yii\yii\web\CController.php(782): SiteController->renderPartial()
#2 D:\www\liveadmin\protected\controllers\SiteController.php(8): SiteController->render()
#3 D:\www\liveadmin\yii\yii\web\actions\CInlineAction.php(49): SiteController->actionIndex()
#4 D:\www\liveadmin\yii\yii\web\CController.php(308): CInlineAction->runWithParams()
#5 D:\www\liveadmin\yii\yii\web\CController.php(286): SiteController->runAction()
#6 D:\www\liveadmin\yii\yii\web\CController.php(265): SiteController->runActionWithFilters()
#7 D:\www\liveadmin\yii\yii\web\CWebApplication.php(282): SiteController->run()
#8 D:\www\liveadmin\yii\yii\web\CWebApplication.php(141): CWebApplication->runController()
#9 D:\www\liveadmin\yii\yii\base\CApplication.php(184): CWebApplication->processRequest()
#10 D:\www\liveadmin\index.php(11): CWebApplication->run()
REQUEST_URI=/index.php/site/
2015/04/14 16:35:41 [error] [php] Use of undefined constant PROVIDER_MENU_ORDERS - assumed 'PROVIDER_MENU_ORDERS' (D:\www\liveadmin\protected\views\site\frame.php:73)
Stack trace:
#0 D:\www\liveadmin\yii\yii\web\CController.php(869): SiteController->renderFile()
#1 D:\www\liveadmin\yii\yii\web\CController.php(782): SiteController->renderPartial()
#2 D:\www\liveadmin\protected\controllers\SiteController.php(8): SiteController->render()
#3 D:\www\liveadmin\yii\yii\web\actions\CInlineAction.php(49): SiteController->actionIndex()
#4 D:\www\liveadmin\yii\yii\web\CController.php(308): CInlineAction->runWithParams()
#5 D:\www\liveadmin\yii\yii\web\CController.php(286): SiteController->runAction()
#6 D:\www\liveadmin\yii\yii\web\CController.php(265): SiteController->runActionWithFilters()
#7 D:\www\liveadmin\yii\yii\web\CWebApplication.php(282): SiteController->run()
#8 D:\www\liveadmin\yii\yii\web\CWebApplication.php(141): CWebApplication->runController()
#9 D:\www\liveadmin\yii\yii\base\CApplication.php(184): CWebApplication->processRequest()
#10 D:\www\liveadmin\index.php(11): CWebApplication->run()
REQUEST_URI=/index.php/site/
2015/04/14 16:35:41 [error] [php] Use of undefined constant PROVIDER_MENU_ORDERS - assumed 'PROVIDER_MENU_ORDERS' (D:\www\liveadmin\protected\views\site\frame.php:73)
Stack trace:
#0 D:\www\liveadmin\yii\yii\web\CController.php(869): SiteController->renderFile()
#1 D:\www\liveadmin\yii\yii\web\CController.php(782): SiteController->renderPartial()
#2 D:\www\liveadmin\protected\controllers\SiteController.php(8): SiteController->render()
#3 D:\www\liveadmin\yii\yii\web\actions\CInlineAction.php(49): SiteController->actionIndex()
#4 D:\www\liveadmin\yii\yii\web\CController.php(308): CInlineAction->runWithParams()
#5 D:\www\liveadmin\yii\yii\web\CController.php(286): SiteController->runAction()
#6 D:\www\liveadmin\yii\yii\web\CController.php(265): SiteController->runActionWithFilters()
#7 D:\www\liveadmin\yii\yii\web\CWebApplication.php(282): SiteController->run()
#8 D:\www\liveadmin\yii\yii\web\CWebApplication.php(141): CWebApplication->runController()
#9 D:\www\liveadmin\yii\yii\base\CApplication.php(184): CWebApplication->processRequest()
#10 D:\www\liveadmin\index.php(11): CWebApplication->run()
REQUEST_URI=/index.php/site/
2015/04/14 16:35:41 [error] [php] Use of undefined constant PROVIDER_MENU_ORDERS - assumed 'PROVIDER_MENU_ORDERS' (D:\www\liveadmin\protected\views\site\frame.php:73)
Stack trace:
#0 D:\www\liveadmin\yii\yii\web\CController.php(869): SiteController->renderFile()
#1 D:\www\liveadmin\yii\yii\web\CController.php(782): SiteController->renderPartial()
#2 D:\www\liveadmin\protected\controllers\SiteController.php(8): SiteController->render()
#3 D:\www\liveadmin\yii\yii\web\actions\CInlineAction.php(49): SiteController->actionIndex()
#4 D:\www\liveadmin\yii\yii\web\CController.php(308): CInlineAction->runWithParams()
#5 D:\www\liveadmin\yii\yii\web\CController.php(286): SiteController->runAction()
#6 D:\www\liveadmin\yii\yii\web\CController.php(265): SiteController->runActionWithFilters()
#7 D:\www\liveadmin\yii\yii\web\CWebApplication.php(282): SiteController->run()
#8 D:\www\liveadmin\yii\yii\web\CWebApplication.php(141): CWebApplication->runController()
#9 D:\www\liveadmin\yii\yii\base\CApplication.php(184): CWebApplication->processRequest()
#10 D:\www\liveadmin\index.php(11): CWebApplication->run()
REQUEST_URI=/index.php/site/
2015/04/14 16:35:42 [error] [php] Use of undefined constant PROVIDER_MENU_ORDERS - assumed 'PROVIDER_MENU_ORDERS' (D:\www\liveadmin\protected\views\site\frame.php:73)
Stack trace:
#0 D:\www\liveadmin\yii\yii\web\CController.php(869): SiteController->renderFile()
#1 D:\www\liveadmin\yii\yii\web\CController.php(782): SiteController->renderPartial()
#2 D:\www\liveadmin\protected\controllers\SiteController.php(8): SiteController->render()
#3 D:\www\liveadmin\yii\yii\web\actions\CInlineAction.php(49): SiteController->actionIndex()
#4 D:\www\liveadmin\yii\yii\web\CController.php(308): CInlineAction->runWithParams()
#5 D:\www\liveadmin\yii\yii\web\CController.php(286): SiteController->runAction()
#6 D:\www\liveadmin\yii\yii\web\CController.php(265): SiteController->runActionWithFilters()
#7 D:\www\liveadmin\yii\yii\web\CWebApplication.php(282): SiteController->run()
#8 D:\www\liveadmin\yii\yii\web\CWebApplication.php(141): CWebApplication->runController()
#9 D:\www\liveadmin\yii\yii\base\CApplication.php(184): CWebApplication->processRequest()
#10 D:\www\liveadmin\index.php(11): CWebApplication->run()
REQUEST_URI=/index.php/site/
2015/04/14 16:35:42 [error] [php] Use of undefined constant PROVIDER_MENU_ORDERS - assumed 'PROVIDER_MENU_ORDERS' (D:\www\liveadmin\protected\views\site\frame.php:73)
Stack trace:
#0 D:\www\liveadmin\yii\yii\web\CController.php(869): SiteController->renderFile()
#1 D:\www\liveadmin\yii\yii\web\CController.php(782): SiteController->renderPartial()
#2 D:\www\liveadmin\protected\controllers\SiteController.php(8): SiteController->render()
#3 D:\www\liveadmin\yii\yii\web\actions\CInlineAction.php(49): SiteController->actionIndex()
#4 D:\www\liveadmin\yii\yii\web\CController.php(308): CInlineAction->runWithParams()
#5 D:\www\liveadmin\yii\yii\web\CController.php(286): SiteController->runAction()
#6 D:\www\liveadmin\yii\yii\web\CController.php(265): SiteController->runActionWithFilters()
#7 D:\www\liveadmin\yii\yii\web\CWebApplication.php(282): SiteController->run()
#8 D:\www\liveadmin\yii\yii\web\CWebApplication.php(141): CWebApplication->runController()
#9 D:\www\liveadmin\yii\yii\base\CApplication.php(184): CWebApplication->processRequest()
#10 D:\www\liveadmin\index.php(11): CWebApplication->run()
REQUEST_URI=/index.php/site/
2015/04/14 16:35:44 [error] [php] Use of undefined constant PROVIDER_MENU_ORDERS - assumed 'PROVIDER_MENU_ORDERS' (D:\www\liveadmin\protected\views\site\frame.php:73)
Stack trace:
#0 D:\www\liveadmin\yii\yii\web\CController.php(869): SiteController->renderFile()
#1 D:\www\liveadmin\yii\yii\web\CController.php(782): SiteController->renderPartial()
#2 D:\www\liveadmin\protected\controllers\SiteController.php(8): SiteController->render()
#3 D:\www\liveadmin\yii\yii\web\actions\CInlineAction.php(49): SiteController->actionIndex()
#4 D:\www\liveadmin\yii\yii\web\CController.php(308): CInlineAction->runWithParams()
#5 D:\www\liveadmin\yii\yii\web\CController.php(286): SiteController->runAction()
#6 D:\www\liveadmin\yii\yii\web\CController.php(265): SiteController->runActionWithFilters()
#7 D:\www\liveadmin\yii\yii\web\CWebApplication.php(282): SiteController->run()
#8 D:\www\liveadmin\yii\yii\web\CWebApplication.php(141): CWebApplication->runController()
#9 D:\www\liveadmin\yii\yii\base\CApplication.php(184): CWebApplication->processRequest()
#10 D:\www\liveadmin\index.php(11): CWebApplication->run()
REQUEST_URI=/index.php/site/
2015/04/14 16:35:44 [error] [php] Use of undefined constant PROVIDER_MENU_ORDERS - assumed 'PROVIDER_MENU_ORDERS' (D:\www\liveadmin\protected\views\site\frame.php:73)
Stack trace:
#0 D:\www\liveadmin\yii\yii\web\CController.php(869): SiteController->renderFile()
#1 D:\www\liveadmin\yii\yii\web\CController.php(782): SiteController->renderPartial()
#2 D:\www\liveadmin\protected\controllers\SiteController.php(8): SiteController->render()
#3 D:\www\liveadmin\yii\yii\web\actions\CInlineAction.php(49): SiteController->actionIndex()
#4 D:\www\liveadmin\yii\yii\web\CController.php(308): CInlineAction->runWithParams()
#5 D:\www\liveadmin\yii\yii\web\CController.php(286): SiteController->runAction()
#6 D:\www\liveadmin\yii\yii\web\CController.php(265): SiteController->runActionWithFilters()
#7 D:\www\liveadmin\yii\yii\web\CWebApplication.php(282): SiteController->run()
#8 D:\www\liveadmin\yii\yii\web\CWebApplication.php(141): CWebApplication->runController()
#9 D:\www\liveadmin\yii\yii\base\CApplication.php(184): CWebApplication->processRequest()
#10 D:\www\liveadmin\index.php(11): CWebApplication->run()
REQUEST_URI=/index.php/site/
2015/04/14 16:35:44 [error] [php] Use of undefined constant PROVIDER_MENU_ORDERS - assumed 'PROVIDER_MENU_ORDERS' (D:\www\liveadmin\protected\views\site\frame.php:73)
Stack trace:
#0 D:\www\liveadmin\yii\yii\web\CController.php(869): SiteController->renderFile()
#1 D:\www\liveadmin\yii\yii\web\CController.php(782): SiteController->renderPartial()
#2 D:\www\liveadmin\protected\controllers\SiteController.php(8): SiteController->render()
#3 D:\www\liveadmin\yii\yii\web\actions\CInlineAction.php(49): SiteController->actionIndex()
#4 D:\www\liveadmin\yii\yii\web\CController.php(308): CInlineAction->runWithParams()
#5 D:\www\liveadmin\yii\yii\web\CController.php(286): SiteController->runAction()
#6 D:\www\liveadmin\yii\yii\web\CController.php(265): SiteController->runActionWithFilters()
#7 D:\www\liveadmin\yii\yii\web\CWebApplication.php(282): SiteController->run()
#8 D:\www\liveadmin\yii\yii\web\CWebApplication.php(141): CWebApplication->runController()
#9 D:\www\liveadmin\yii\yii\base\CApplication.php(184): CWebApplication->processRequest()
#10 D:\www\liveadmin\index.php(11): CWebApplication->run()
REQUEST_URI=/index.php/site/
2015/04/14 16:35:44 [error] [php] Use of undefined constant PROVIDER_MENU_ORDERS - assumed 'PROVIDER_MENU_ORDERS' (D:\www\liveadmin\protected\views\site\frame.php:73)
Stack trace:
#0 D:\www\liveadmin\yii\yii\web\CController.php(869): SiteController->renderFile()
#1 D:\www\liveadmin\yii\yii\web\CController.php(782): SiteController->renderPartial()
#2 D:\www\liveadmin\protected\controllers\SiteController.php(8): SiteController->render()
#3 D:\www\liveadmin\yii\yii\web\actions\CInlineAction.php(49): SiteController->actionIndex()
#4 D:\www\liveadmin\yii\yii\web\CController.php(308): CInlineAction->runWithParams()
#5 D:\www\liveadmin\yii\yii\web\CController.php(286): SiteController->runAction()
#6 D:\www\liveadmin\yii\yii\web\CController.php(265): SiteController->runActionWithFilters()
#7 D:\www\liveadmin\yii\yii\web\CWebApplication.php(282): SiteController->run()
#8 D:\www\liveadmin\yii\yii\web\CWebApplication.php(141): CWebApplication->runController()
#9 D:\www\liveadmin\yii\yii\base\CApplication.php(184): CWebApplication->processRequest()
#10 D:\www\liveadmin\index.php(11): CWebApplication->run()
REQUEST_URI=/index.php/site/
2015/04/14 16:35:44 [error] [php] Use of undefined constant PROVIDER_MENU_ORDERS - assumed 'PROVIDER_MENU_ORDERS' (D:\www\liveadmin\protected\views\site\frame.php:73)
Stack trace:
#0 D:\www\liveadmin\yii\yii\web\CController.php(869): SiteController->renderFile()
#1 D:\www\liveadmin\yii\yii\web\CController.php(782): SiteController->renderPartial()
#2 D:\www\liveadmin\protected\controllers\SiteController.php(8): SiteController->render()
#3 D:\www\liveadmin\yii\yii\web\actions\CInlineAction.php(49): SiteController->actionIndex()
#4 D:\www\liveadmin\yii\yii\web\CController.php(308): CInlineAction->runWithParams()
#5 D:\www\liveadmin\yii\yii\web\CController.php(286): SiteController->runAction()
#6 D:\www\liveadmin\yii\yii\web\CController.php(265): SiteController->runActionWithFilters()
#7 D:\www\liveadmin\yii\yii\web\CWebApplication.php(282): SiteController->run()
#8 D:\www\liveadmin\yii\yii\web\CWebApplication.php(141): CWebApplication->runController()
#9 D:\www\liveadmin\yii\yii\base\CApplication.php(184): CWebApplication->processRequest()
#10 D:\www\liveadmin\index.php(11): CWebApplication->run()
REQUEST_URI=/index.php/site/
2015/04/14 16:35:44 [error] [php] Use of undefined constant PROVIDER_MENU_ORDERS - assumed 'PROVIDER_MENU_ORDERS' (D:\www\liveadmin\protected\views\site\frame.php:73)
Stack trace:
#0 D:\www\liveadmin\yii\yii\web\CController.php(869): SiteController->renderFile()
#1 D:\www\liveadmin\yii\yii\web\CController.php(782): SiteController->renderPartial()
#2 D:\www\liveadmin\protected\controllers\SiteController.php(8): SiteController->render()
#3 D:\www\liveadmin\yii\yii\web\actions\CInlineAction.php(49): SiteController->actionIndex()
#4 D:\www\liveadmin\yii\yii\web\CController.php(308): CInlineAction->runWithParams()
#5 D:\www\liveadmin\yii\yii\web\CController.php(286): SiteController->runAction()
#6 D:\www\liveadmin\yii\yii\web\CController.php(265): SiteController->runActionWithFilters()
#7 D:\www\liveadmin\yii\yii\web\CWebApplication.php(282): SiteController->run()
#8 D:\www\liveadmin\yii\yii\web\CWebApplication.php(141): CWebApplication->runController()
#9 D:\www\liveadmin\yii\yii\base\CApplication.php(184): CWebApplication->processRequest()
#10 D:\www\liveadmin\index.php(11): CWebApplication->run()
REQUEST_URI=/index.php/site/
2015/04/14 16:35:48 [error] [php] Use of undefined constant PROVIDER_MENU_ORDERS - assumed 'PROVIDER_MENU_ORDERS' (D:\www\liveadmin\protected\views\site\frame.php:73)
Stack trace:
#0 D:\www\liveadmin\yii\yii\web\CController.php(869): SiteController->renderFile()
#1 D:\www\liveadmin\yii\yii\web\CController.php(782): SiteController->renderPartial()
#2 D:\www\liveadmin\protected\controllers\SiteController.php(8): SiteController->render()
#3 D:\www\liveadmin\yii\yii\web\actions\CInlineAction.php(49): SiteController->actionIndex()
#4 D:\www\liveadmin\yii\yii\web\CController.php(308): CInlineAction->runWithParams()
#5 D:\www\liveadmin\yii\yii\web\CController.php(286): SiteController->runAction()
#6 D:\www\liveadmin\yii\yii\web\CController.php(265): SiteController->runActionWithFilters()
#7 D:\www\liveadmin\yii\yii\web\CWebApplication.php(282): SiteController->run()
#8 D:\www\liveadmin\yii\yii\web\CWebApplication.php(141): CWebApplication->runController()
#9 D:\www\liveadmin\yii\yii\base\CApplication.php(184): CWebApplication->processRequest()
#10 D:\www\liveadmin\index.php(11): CWebApplication->run()
REQUEST_URI=/index.php/site/
2015/04/14 16:36:15 [error] [php] Undefined variable: email (D:\www\liveadmin\protected\views\site\frame.php:94)
Stack trace:
#0 D:\www\liveadmin\yii\yii\web\CController.php(869): SiteController->renderFile()
#1 D:\www\liveadmin\yii\yii\web\CController.php(782): SiteController->renderPartial()
#2 D:\www\liveadmin\protected\controllers\SiteController.php(8): SiteController->render()
#3 D:\www\liveadmin\yii\yii\web\actions\CInlineAction.php(49): SiteController->actionIndex()
#4 D:\www\liveadmin\yii\yii\web\CController.php(308): CInlineAction->runWithParams()
#5 D:\www\liveadmin\yii\yii\web\CController.php(286): SiteController->runAction()
#6 D:\www\liveadmin\yii\yii\web\CController.php(265): SiteController->runActionWithFilters()
#7 D:\www\liveadmin\yii\yii\web\CWebApplication.php(282): SiteController->run()
#8 D:\www\liveadmin\yii\yii\web\CWebApplication.php(141): CWebApplication->runController()
#9 D:\www\liveadmin\yii\yii\base\CApplication.php(184): CWebApplication->processRequest()
#10 D:\www\liveadmin\index.php(11): CWebApplication->run()
REQUEST_URI=/index.php/site/
2015/04/14 16:36:57 [error] [exception.CHttpException.404] exception 'CHttpException' with message 'The system is unable to find the requested action "order".' in D:\www\liveadmin\yii\yii\web\CController.php:483
Stack trace:
#0 D:\www\liveadmin\yii\yii\web\CController.php(270): CController->missingAction('order')
#1 D:\www\liveadmin\yii\yii\web\CWebApplication.php(282): CController->run('order')
#2 D:\www\liveadmin\yii\yii\web\CWebApplication.php(141): CWebApplication->runController('site/order')
#3 D:\www\liveadmin\yii\yii\base\CApplication.php(184): CWebApplication->processRequest()
#4 D:\www\liveadmin\index.php(11): CApplication->run()
#5 {main}
REQUEST_URI=/index.php/site/order
HTTP_REFERER=http://admin.live.com/index.php/site/
---
2015/04/14 16:49:50 [error] [exception.CHttpException.404] exception 'CHttpException' with message 'The system is unable to find the requested action "logout".' in D:\www\liveadmin\yii\yii\web\CController.php:483
Stack trace:
#0 D:\www\liveadmin\yii\yii\web\CController.php(270): CController->missingAction('logout')
#1 D:\www\liveadmin\yii\yii\web\CWebApplication.php(282): CController->run('logout')
#2 D:\www\liveadmin\yii\yii\web\CWebApplication.php(141): CWebApplication->runController('site/logout')
#3 D:\www\liveadmin\yii\yii\base\CApplication.php(184): CWebApplication->processRequest()
#4 D:\www\liveadmin\index.php(11): CApplication->run()
#5 {main}
REQUEST_URI=/index.php/site/logout
HTTP_REFERER=http://admin.live.com/index.php/site/index
---
2015/04/14 16:52:29 [error] [exception.CHttpException.404] exception 'CHttpException' with message 'Unable to resolve the request "account/index".' in D:\www\liveadmin\yii\yii\web\CWebApplication.php:286
Stack trace:
#0 D:\www\liveadmin\yii\yii\web\CWebApplication.php(141): CWebApplication->runController('account/index')
#1 D:\www\liveadmin\yii\yii\base\CApplication.php(184): CWebApplication->processRequest()
#2 D:\www\liveadmin\index.php(11): CApplication->run()
#3 {main}
REQUEST_URI=/index.php/account/index
HTTP_REFERER=http://admin.live.com/index.php
---
2015/04/14 16:52:33 [error] [exception.CHttpException.404] exception 'CHttpException' with message 'Unable to resolve the request "account/index".' in D:\www\liveadmin\yii\yii\web\CWebApplication.php:286
Stack trace:
#0 D:\www\liveadmin\yii\yii\web\CWebApplication.php(141): CWebApplication->runController('account/index')
#1 D:\www\liveadmin\yii\yii\base\CApplication.php(184): CWebApplication->processRequest()
#2 D:\www\liveadmin\index.php(11): CApplication->run()
#3 {main}
REQUEST_URI=/index.php/account/index
HTTP_REFERER=http://admin.live.com/index.php
---
2015/04/15 14:46:18 [error] [exception.CHttpException.404] exception 'CHttpException' with message 'Unable to resolve the request "favicon.ico".' in /vagrant/git/liveadmin/yii/yii/web/CWebApplication.php:286
Stack trace:
#0 /vagrant/git/liveadmin/yii/yii/web/CWebApplication.php(141): CWebApplication->runController('favicon.ico')
#1 /vagrant/git/liveadmin/yii/yii/base/CApplication.php(184): CWebApplication->processRequest()
#2 /vagrant/git/liveadmin/index.php(11): CApplication->run()
#3 {main}
REQUEST_URI=/favicon.ico
---
2015/04/15 14:46:18 [error] [exception.CHttpException.404] exception 'CHttpException' with message 'Unable to resolve the request "favicon.ico".' in /vagrant/git/liveadmin/yii/yii/web/CWebApplication.php:286
Stack trace:
#0 /vagrant/git/liveadmin/yii/yii/web/CWebApplication.php(141): CWebApplication->runController('favicon.ico')
#1 /vagrant/git/liveadmin/yii/yii/base/CApplication.php(184): CWebApplication->processRequest()
#2 /vagrant/git/liveadmin/index.php(11): CApplication->run()
#3 {main}
REQUEST_URI=/favicon.ico
---
2015/04/15 14:46:25 [error] [exception.CHttpException.404] exception 'CHttpException' with message 'Unable to resolve the request "css/menu.css".' in /vagrant/git/liveadmin/yii/yii/web/CWebApplication.php:286
Stack trace:
#0 /vagrant/git/liveadmin/yii/yii/web/CWebApplication.php(141): CWebApplication->runController('css/menu.css')
#1 /vagrant/git/liveadmin/yii/yii/base/CApplication.php(184): CWebApplication->processRequest()
#2 /vagrant/git/liveadmin/index.php(11): CApplication->run()
#3 {main}
REQUEST_URI=/css/menu.css
HTTP_REFERER=http://admin.live.com/css/stylesheet.css
---
2015/04/15 14:46:25 [error] [exception.CHttpException.404] exception 'CHttpException' with message 'Unable to resolve the request "img/left_nav_list_bg.gif".' in /vagrant/git/liveadmin/yii/yii/web/CWebApplication.php:286
Stack trace:
#0 /vagrant/git/liveadmin/yii/yii/web/CWebApplication.php(141): CWebApplication->runController('img/left_nav_li...')
#1 /vagrant/git/liveadmin/yii/yii/base/CApplication.php(184): CWebApplication->processRequest()
#2 /vagrant/git/liveadmin/index.php(11): CApplication->run()
#3 {main}
REQUEST_URI=/img/left_nav_list_bg.gif
HTTP_REFERER=http://admin.live.com/css/base.css
---
2015/04/16 11:53:04 [error] [exception.CHttpException.404] exception 'CHttpException' with message 'Unable to resolve the request "favicon.ico".' in /vagrant/git/liveadmin/yii/yii/web/CWebApplication.php:286
Stack trace:
#0 /vagrant/git/liveadmin/yii/yii/web/CWebApplication.php(141): CWebApplication->runController('favicon.ico')
#1 /vagrant/git/liveadmin/yii/yii/base/CApplication.php(184): CWebApplication->processRequest()
#2 /vagrant/git/liveadmin/index.php(11): CApplication->run()
#3 {main}
REQUEST_URI=/favicon.ico
---
2015/04/16 11:53:05 [error] [exception.CHttpException.404] exception 'CHttpException' with message 'Unable to resolve the request "favicon.ico".' in /vagrant/git/liveadmin/yii/yii/web/CWebApplication.php:286
Stack trace:
#0 /vagrant/git/liveadmin/yii/yii/web/CWebApplication.php(141): CWebApplication->runController('favicon.ico')
#1 /vagrant/git/liveadmin/yii/yii/base/CApplication.php(184): CWebApplication->processRequest()
#2 /vagrant/git/liveadmin/index.php(11): CApplication->run()
#3 {main}
REQUEST_URI=/favicon.ico
---
2015/04/16 11:53:06 [error] [exception.CException] exception 'CException' with message 'Alias "application.extensions.DbConnectionMan" is invalid. Make sure it points to an existing PHP file and the file is readable.' in /vagrant/git/liveadmin/yii/yii/YiiBase.php:323
Stack trace:
#0 /vagrant/git/liveadmin/yii/yii/YiiBase.php(196): YiiBase::import('application.ext...', true)
#1 /vagrant/git/liveadmin/yii/yii/base/CModule.php(393): YiiBase::createComponent(Array)
#2 /vagrant/git/liveadmin/yii/yii/base/CApplication.php(458): CModule->getComponent('db')
#3 /vagrant/git/liveadmin/yii/yii/db/ar/CActiveRecord.php(637): CApplication->getDb()
#4 /vagrant/git/liveadmin/yii/yii/db/ar/CActiveRecord.php(670): CActiveRecord->getDbConnection()
#5 /vagrant/git/liveadmin/yii/yii/db/ar/CActiveRecord.php(1460): CActiveRecord->getCommandBuilder()
#6 /vagrant/git/liveadmin/protected/components/UserIdentity.php(18): CActiveRecord->find('LOWER(username)...', Array)
#7 /vagrant/git/liveadmin/protected/models/LoginForm.php(50): UserIdentity->authenticate()
#8 /vagrant/git/liveadmin/yii/yii/validators/CInlineValidator.php(42): LoginForm->authenticate('password', Array)
#9 /vagrant/git/liveadmin/yii/yii/validators/CValidator.php(201): CInlineValidator->validateAttribute(Object(LoginForm), 'password')
#10 /vagrant/git/liveadmin/yii/yii/base/CModel.php(159): CValidator->validate(Object(LoginForm), NULL)
#11 /vagrant/git/liveadmin/protected/controllers/SiteController.php(54): CModel->validate()
#12 /vagrant/git/liveadmin/yii/yii/web/actions/CInlineAction.php(49): SiteController->actionLogin()
#13 /vagrant/git/liveadmin/yii/yii/web/CController.php(308): CInlineAction->runWithParams(Array)
#14 /vagrant/git/liveadmin/yii/yii/web/CController.php(286): CController->runAction(Object(CInlineAction))
#15 /vagrant/git/liveadmin/yii/yii/web/CController.php(265): CController->runActionWithFilters(Object(CInlineAction), Array)
#16 /vagrant/git/liveadmin/yii/yii/web/CWebApplication.php(282): CController->run('login')
#17 /vagrant/git/liveadmin/yii/yii/web/CController.php(752): CWebApplication->runController('site/login')
#18 /vagrant/git/liveadmin/protected/controllers/SiteController.php(8): CController->forward('site/login')
#19 /vagrant/git/liveadmin/yii/yii/web/actions/CInlineAction.php(49): SiteController->actionIndex()
#20 /vagrant/git/liveadmin/yii/yii/web/CController.php(308): CInlineAction->runWithParams(Array)
#21 /vagrant/git/liveadmin/yii/yii/web/CController.php(286): CController->runAction(Object(CInlineAction))
#22 /vagrant/git/liveadmin/yii/yii/web/CController.php(265): CController->runActionWithFilters(Object(CInlineAction), Array)
#23 /vagrant/git/liveadmin/yii/yii/web/CWebApplication.php(282): CController->run('')
#24 /vagrant/git/liveadmin/yii/yii/web/CWebApplication.php(141): CWebApplication->runController('')
#25 /vagrant/git/liveadmin/yii/yii/base/CApplication.php(184): CWebApplication->processRequest()
#26 /vagrant/git/liveadmin/index.php(11): CApplication->run()
#27 {main}
REQUEST_URI=/
HTTP_REFERER=http://admin.live.com/
---
2015/04/16 11:54:02 [error] [exception.CDbException] SQLSTATE[28000] [1045] Access denied for user 'root'@'10.0.0.101' (using password: YES)
2015/04/16 11:54:03 [warning] [application] Slave database connection failed!
	Connection string:mysql:host=192.168.0.250;dbname=test
2015/04/16 11:54:08 [error] [exception.CDbException] SQLSTATE[28000] [1045] Access denied for user 'root'@'10.0.0.101' (using password: YES)
2015/04/16 11:54:08 [warning] [application] Slave database connection failed!
	Connection string:mysql:host=192.168.0.250;dbname=test
2015/04/16 11:54:09 [error] [exception.CDbException] SQLSTATE[28000] [1045] Access denied for user 'root'@'10.0.0.101' (using password: YES)
2015/04/16 11:54:09 [warning] [application] Slave database connection failed!
	Connection string:mysql:host=192.168.0.250;dbname=test
2015/04/16 11:54:09 [error] [exception.CDbException] SQLSTATE[28000] [1045] Access denied for user 'root'@'10.0.0.101' (using password: YES)
2015/04/16 11:54:09 [warning] [application] Slave database connection failed!
	Connection string:mysql:host=192.168.0.250;dbname=test
2015/04/16 11:54:09 [error] [exception.CHttpException.404] exception 'CHttpException' with message 'Unable to resolve the request "css/menu.css".' in /vagrant/git/liveadmin/yii/yii/web/CWebApplication.php:286
Stack trace:
#0 /vagrant/git/liveadmin/yii/yii/web/CWebApplication.php(141): CWebApplication->runController('css/menu.css')
#1 /vagrant/git/liveadmin/yii/yii/base/CApplication.php(184): CWebApplication->processRequest()
#2 /vagrant/git/liveadmin/index.php(11): CApplication->run()
#3 {main}
REQUEST_URI=/css/menu.css
HTTP_REFERER=http://admin.live.com/css/stylesheet.css
---
2015/04/16 11:54:10 [error] [exception.CHttpException.404] exception 'CHttpException' with message 'Unable to resolve the request "img/left_nav_list_bg.gif".' in /vagrant/git/liveadmin/yii/yii/web/CWebApplication.php:286
Stack trace:
#0 /vagrant/git/liveadmin/yii/yii/web/CWebApplication.php(141): CWebApplication->runController('img/left_nav_li...')
#1 /vagrant/git/liveadmin/yii/yii/base/CApplication.php(184): CWebApplication->processRequest()
#2 /vagrant/git/liveadmin/index.php(11): CApplication->run()
#3 {main}
REQUEST_URI=/img/left_nav_list_bg.gif
HTTP_REFERER=http://admin.live.com/css/base.css
---
2015/04/16 11:54:15 [error] [exception.CDbException] SQLSTATE[28000] [1045] Access denied for user 'root'@'10.0.0.101' (using password: YES)
2015/04/16 11:54:15 [warning] [application] Slave database connection failed!
	Connection string:mysql:host=192.168.0.250;dbname=test
2015/04/16 11:54:56 [error] [exception.CDbException] SQLSTATE[28000] [1045] Access denied for user 'root'@'10.0.0.101' (using password: YES)
2015/04/16 11:54:56 [warning] [application] Slave database connection failed!
	Connection string:mysql:host=192.168.0.250;dbname=test
2015/04/16 11:54:58 [error] [exception.CDbException] SQLSTATE[28000] [1045] Access denied for user 'root'@'10.0.0.101' (using password: YES)
2015/04/16 11:54:58 [warning] [application] Slave database connection failed!
	Connection string:mysql:host=192.168.0.250;dbname=test
2015/04/16 11:54:59 [error] [exception.CDbException] SQLSTATE[28000] [1045] Access denied for user 'root'@'10.0.0.101' (using password: YES)
2015/04/16 11:54:59 [warning] [application] Slave database connection failed!
	Connection string:mysql:host=192.168.0.250;dbname=test
2015/04/16 11:55:00 [error] [exception.CDbException] SQLSTATE[28000] [1045] Access denied for user 'root'@'10.0.0.101' (using password: YES)
2015/04/16 11:55:00 [warning] [application] Slave database connection failed!
	Connection string:mysql:host=192.168.0.250;dbname=test
2015/04/16 11:55:03 [error] [exception.CDbException] SQLSTATE[28000] [1045] Access denied for user 'root'@'10.0.0.101' (using password: YES)
2015/04/16 11:55:03 [warning] [application] Slave database connection failed!
	Connection string:mysql:host=192.168.0.250;dbname=test
2015/04/16 11:55:05 [error] [exception.CDbException] SQLSTATE[28000] [1045] Access denied for user 'root'@'10.0.0.101' (using password: YES)
2015/04/16 11:55:05 [warning] [application] Slave database connection failed!
	Connection string:mysql:host=192.168.0.250;dbname=test
2015/04/16 11:55:05 [error] [exception.CDbException] SQLSTATE[28000] [1045] Access denied for user 'root'@'10.0.0.101' (using password: YES)
2015/04/16 11:55:05 [warning] [application] Slave database connection failed!
	Connection string:mysql:host=192.168.0.250;dbname=test
2015/04/16 11:55:07 [error] [exception.CDbException] SQLSTATE[28000] [1045] Access denied for user 'root'@'10.0.0.101' (using password: YES)
2015/04/16 11:55:07 [warning] [application] Slave database connection failed!
	Connection string:mysql:host=192.168.0.250;dbname=test
2015/04/16 11:55:09 [error] [exception.CDbException] SQLSTATE[28000] [1045] Access denied for user 'root'@'10.0.0.101' (using password: YES)
2015/04/16 11:55:09 [warning] [application] Slave database connection failed!
	Connection string:mysql:host=192.168.0.250;dbname=test
2015/04/16 11:55:09 [error] [exception.CDbException] SQLSTATE[28000] [1045] Access denied for user 'root'@'10.0.0.101' (using password: YES)
2015/04/16 11:55:09 [warning] [application] Slave database connection failed!
	Connection string:mysql:host=192.168.0.250;dbname=test
2015/04/16 11:55:09 [error] [exception.CDbException] SQLSTATE[28000] [1045] Access denied for user 'root'@'10.0.0.101' (using password: YES)
2015/04/16 11:55:09 [warning] [application] Slave database connection failed!
	Connection string:mysql:host=192.168.0.250;dbname=test
2015/04/16 11:55:12 [error] [exception.CDbException] SQLSTATE[28000] [1045] Access denied for user 'root'@'10.0.0.101' (using password: YES)
2015/04/16 11:55:12 [warning] [application] Slave database connection failed!
	Connection string:mysql:host=192.168.0.250;dbname=test
2015/04/16 11:55:41 [error] [exception.CDbException] SQLSTATE[28000] [1045] Access denied for user 'root'@'10.0.0.101' (using password: YES)
2015/04/16 11:55:41 [error] [exception.CDbException] CDbConnection failed to open the DB connection.
2015/04/16 11:55:41 [error] [exception.CDbException] SQLSTATE[28000] [1045] Access denied for user 'root'@'10.0.0.101' (using password: YES)
2015/04/16 11:55:41 [error] [exception.CDbException] CDbConnection failed to open the DB connection.
2015/04/16 11:55:41 [error] [exception.CDbException] SQLSTATE[28000] [1045] Access denied for user 'root'@'10.0.0.101' (using password: YES)
2015/04/16 11:55:41 [error] [exception.CDbException] CDbConnection failed to open the DB connection.
2015/04/16 11:55:41 [error] [exception.CDbException] SQLSTATE[28000] [1045] Access denied for user 'root'@'10.0.0.101' (using password: YES)
2015/04/16 11:55:41 [error] [exception.CDbException] CDbConnection failed to open the DB connection.
2015/04/16 11:55:41 [error] [exception.CDbException] exception 'CDbException' with message 'Master db server is not available now!Disallow write operation on slave server!' in /vagrant/git/liveadmin/protected/extensions/DbConnectionMan.php:83
Stack trace:
#0 /vagrant/git/liveadmin/yii/yii/db/schema/CDbCommandBuilder.php(244): DbConnectionMan->createCommand('INSERT INTO `tb...')
#1 /vagrant/git/liveadmin/yii/yii/db/ar/CActiveRecord.php(1079): CDbCommandBuilder->createInsertCommand(Object(CMysqlTableSchema), Array)
#2 /vagrant/git/liveadmin/yii/yii/db/ar/CActiveRecord.php(809): CActiveRecord->insert(NULL)
#3 /vagrant/git/liveadmin/protected/models/Post.php(130): CActiveRecord->save()
#4 /vagrant/git/liveadmin/protected/controllers/PostController.php(207): Post->addComment(Object(Comment))
#5 /vagrant/git/liveadmin/protected/controllers/PostController.php(49): PostController->newComment(Object(Post))
#6 /vagrant/git/liveadmin/yii/yii/web/actions/CInlineAction.php(49): PostController->actionView()
#7 /vagrant/git/liveadmin/yii/yii/web/CController.php(308): CInlineAction->runWithParams(Array)
#8 /vagrant/git/liveadmin/yii/yii/web/filters/CFilterChain.php(133): CController->runAction(Object(CInlineAction))
#9 /vagrant/git/liveadmin/yii/yii/web/filters/CFilter.php(40): CFilterChain->run()
#10 /vagrant/git/liveadmin/yii/yii/web/CController.php(1145): CFilter->filter(Object(CFilterChain))
#11 /vagrant/git/liveadmin/yii/yii/web/filters/CInlineFilter.php(58): CController->filterAccessControl(Object(CFilterChain))
#12 /vagrant/git/liveadmin/yii/yii/web/filters/CFilterChain.php(130): CInlineFilter->filter(Object(CFilterChain))
#13 /vagrant/git/liveadmin/yii/yii/web/CController.php(291): CFilterChain->run()
#14 /vagrant/git/liveadmin/yii/yii/web/CController.php(265): CController->runActionWithFilters(Object(CInlineAction), Array)
#15 /vagrant/git/liveadmin/yii/yii/web/CWebApplication.php(282): CController->run('view')
#16 /vagrant/git/liveadmin/yii/yii/web/CWebApplication.php(141): CWebApplication->runController('post/view')
#17 /vagrant/git/liveadmin/yii/yii/base/CApplication.php(184): CWebApplication->processRequest()
#18 /vagrant/git/liveadmin/index.php(11): CApplication->run()
#19 {main}
REQUEST_URI=/post/2/A+Test+Post
HTTP_REFERER=http://admin.live.com/post/2/A+Test+Post
---
2015/04/16 11:55:41 [error] [exception.CDbException] SQLSTATE[28000] [1045] Access denied for user 'root'@'10.0.0.101' (using password: YES)
2015/04/16 11:55:41 [error] [exception.CDbException] CDbConnection failed to open the DB connection.
2015/04/16 11:56:12 [error] [exception.CDbException] SQLSTATE[28000] [1045] Access denied for user 'root'@'10.0.0.101' (using password: NO)
2015/04/16 11:56:12 [error] [exception.CDbException] CDbConnection failed to open the DB connection.
2015/04/16 11:56:12 [error] [exception.CDbException] exception 'CDbException' with message 'Master db server is not available now!Disallow write operation on slave server!' in /vagrant/git/liveadmin/protected/extensions/DbConnectionMan.php:83
Stack trace:
#0 /vagrant/git/liveadmin/yii/yii/db/schema/CDbCommandBuilder.php(244): DbConnectionMan->createCommand('INSERT INTO `tb...')
#1 /vagrant/git/liveadmin/yii/yii/db/ar/CActiveRecord.php(1079): CDbCommandBuilder->createInsertCommand(Object(CMysqlTableSchema), Array)
#2 /vagrant/git/liveadmin/yii/yii/db/ar/CActiveRecord.php(809): CActiveRecord->insert(NULL)
#3 /vagrant/git/liveadmin/protected/models/Post.php(130): CActiveRecord->save()
#4 /vagrant/git/liveadmin/protected/controllers/PostController.php(207): Post->addComment(Object(Comment))
#5 /vagrant/git/liveadmin/protected/controllers/PostController.php(49): PostController->newComment(Object(Post))
#6 /vagrant/git/liveadmin/yii/yii/web/actions/CInlineAction.php(49): PostController->actionView()
#7 /vagrant/git/liveadmin/yii/yii/web/CController.php(308): CInlineAction->runWithParams(Array)
#8 /vagrant/git/liveadmin/yii/yii/web/filters/CFilterChain.php(133): CController->runAction(Object(CInlineAction))
#9 /vagrant/git/liveadmin/yii/yii/web/filters/CFilter.php(40): CFilterChain->run()
#10 /vagrant/git/liveadmin/yii/yii/web/CController.php(1145): CFilter->filter(Object(CFilterChain))
#11 /vagrant/git/liveadmin/yii/yii/web/filters/CInlineFilter.php(58): CController->filterAccessControl(Object(CFilterChain))
#12 /vagrant/git/liveadmin/yii/yii/web/filters/CFilterChain.php(130): CInlineFilter->filter(Object(CFilterChain))
#13 /vagrant/git/liveadmin/yii/yii/web/CController.php(291): CFilterChain->run()
#14 /vagrant/git/liveadmin/yii/yii/web/CController.php(265): CController->runActionWithFilters(Object(CInlineAction), Array)
#15 /vagrant/git/liveadmin/yii/yii/web/CWebApplication.php(282): CController->run('view')
#16 /vagrant/git/liveadmin/yii/yii/web/CWebApplication.php(141): CWebApplication->runController('post/view')
#17 /vagrant/git/liveadmin/yii/yii/base/CApplication.php(184): CWebApplication->processRequest()
#18 /vagrant/git/liveadmin/index.php(11): CApplication->run()
#19 {main}
REQUEST_URI=/post/2/A+Test+Post
HTTP_REFERER=http://admin.live.com/post/2/A+Test+Post
---
2015/04/16 11:56:56 [error] [exception.CDbException] SQLSTATE[28000] [1045] Access denied for user 'root'@'10.0.0.101' (using password: NO)
2015/04/16 11:56:56 [error] [exception.CDbException] SQLSTATE[28000] [1045] Access denied for user 'root'@'localhost' (using password: YES)
2015/04/16 11:56:56 [warning] [application] Slave database connection failed!
	Connection string:mysql:host=localhost;dbname=blog
2015/04/16 11:56:56 [error] [exception.CDbException] CDbConnection failed to open the DB connection.
2015/04/16 11:56:56 [error] [exception.CDbException] exception 'CDbException' with message 'CDbConnection failed to open the DB connection.' in /vagrant/git/liveadmin/protected/extensions/DbConnectionMan.php:154
Stack trace:
#0 /vagrant/git/liveadmin/yii/yii/db/CDbConnection.php(325): DbConnectionMan->setActive(true)
#1 /vagrant/git/liveadmin/yii/yii/base/CModule.php(394): CDbConnection->init()
#2 /vagrant/git/liveadmin/yii/yii/base/CApplication.php(458): CModule->getComponent('db')
#3 /vagrant/git/liveadmin/yii/yii/db/ar/CActiveRecord.php(637): CApplication->getDb()
#4 /vagrant/git/liveadmin/yii/yii/db/ar/CActiveRecord.php(1433): CActiveRecord->getDbConnection()
#5 /vagrant/git/liveadmin/yii/yii/db/ar/CActiveRecord.php(1489): CActiveRecord->getTableAlias(true)
#6 /vagrant/git/liveadmin/protected/controllers/PostController.php(180): CActiveRecord->findByPk('2', '')
#7 /vagrant/git/liveadmin/protected/controllers/PostController.php(48): PostController->loadModel()
#8 /vagrant/git/liveadmin/yii/yii/web/actions/CInlineAction.php(49): PostController->actionView()
#9 /vagrant/git/liveadmin/yii/yii/web/CController.php(308): CInlineAction->runWithParams(Array)
#10 /vagrant/git/liveadmin/yii/yii/web/filters/CFilterChain.php(133): CController->runAction(Object(CInlineAction))
#11 /vagrant/git/liveadmin/yii/yii/web/filters/CFilter.php(40): CFilterChain->run()
#12 /vagrant/git/liveadmin/yii/yii/web/CController.php(1145): CFilter->filter(Object(CFilterChain))
#13 /vagrant/git/liveadmin/yii/yii/web/filters/CInlineFilter.php(58): CController->filterAccessControl(Object(CFilterChain))
#14 /vagrant/git/liveadmin/yii/yii/web/filters/CFilterChain.php(130): CInlineFilter->filter(Object(CFilterChain))
#15 /vagrant/git/liveadmin/yii/yii/web/CController.php(291): CFilterChain->run()
#16 /vagrant/git/liveadmin/yii/yii/web/CController.php(265): CController->runActionWithFilters(Object(CInlineAction), Array)
#17 /vagrant/git/liveadmin/yii/yii/web/CWebApplication.php(282): CController->run('view')
#18 /vagrant/git/liveadmin/yii/yii/web/CWebApplication.php(141): CWebApplication->runController('post/view')
#19 /vagrant/git/liveadmin/yii/yii/base/CApplication.php(184): CWebApplication->processRequest()
#20 /vagrant/git/liveadmin/index.php(11): CApplication->run()
#21 {main}
REQUEST_URI=/post/2/A+Test+Post
HTTP_REFERER=http://admin.live.com/post/2/A+Test+Post
---
2015/04/16 12:02:54 [error] [exception.CDbException] SQLSTATE[28000] [1045] Access denied for user 'root'@'10.0.0.101' (using password: NO)
2015/04/16 12:02:54 [error] [exception.CDbException] CDbConnection failed to open the DB connection.
2015/04/16 12:02:57 [error] [exception.CDbException] SQLSTATE[28000] [1045] Access denied for user 'root'@'10.0.0.101' (using password: NO)
2015/04/16 12:02:57 [error] [exception.CDbException] CDbConnection failed to open the DB connection.
2015/04/16 12:03:00 [error] [exception.CDbException] SQLSTATE[28000] [1045] Access denied for user 'root'@'10.0.0.101' (using password: NO)
2015/04/16 12:03:00 [error] [exception.CDbException] CDbConnection failed to open the DB connection.
2015/04/16 12:03:04 [error] [exception.CDbException] SQLSTATE[28000] [1045] Access denied for user 'root'@'10.0.0.101' (using password: NO)
2015/04/16 12:03:04 [error] [exception.CDbException] CDbConnection failed to open the DB connection.
2015/04/16 12:03:07 [error] [exception.CDbException] SQLSTATE[28000] [1045] Access denied for user 'root'@'10.0.0.101' (using password: NO)
2015/04/16 12:03:07 [error] [exception.CDbException] CDbConnection failed to open the DB connection.
2015/04/16 12:03:08 [error] [exception.CDbException] SQLSTATE[28000] [1045] Access denied for user 'root'@'10.0.0.101' (using password: NO)
2015/04/16 12:03:08 [error] [exception.CDbException] CDbConnection failed to open the DB connection.
2015/04/16 12:03:09 [error] [exception.CDbException] SQLSTATE[28000] [1045] Access denied for user 'root'@'10.0.0.101' (using password: NO)
2015/04/16 12:03:09 [error] [exception.CDbException] CDbConnection failed to open the DB connection.
2015/04/16 12:03:09 [error] [exception.CDbException] SQLSTATE[28000] [1045] Access denied for user 'root'@'10.0.0.101' (using password: NO)
2015/04/16 12:03:09 [error] [exception.CDbException] CDbConnection failed to open the DB connection.
2015/04/16 12:03:12 [error] [exception.CDbException] SQLSTATE[28000] [1045] Access denied for user 'root'@'10.0.0.101' (using password: NO)
2015/04/16 12:03:12 [error] [exception.CDbException] CDbConnection failed to open the DB connection.
2015/04/16 12:03:12 [error] [exception.CDbException] exception 'CDbException' with message 'Master db server is not available now!Disallow write operation on slave server!' in /vagrant/git/liveadmin/protected/extensions/DbConnectionMan.php:83
Stack trace:
#0 /vagrant/git/liveadmin/yii/yii/db/schema/CDbCommandBuilder.php(244): DbConnectionMan->createCommand('INSERT INTO `tb...')
#1 /vagrant/git/liveadmin/yii/yii/db/ar/CActiveRecord.php(1079): CDbCommandBuilder->createInsertCommand(Object(CMysqlTableSchema), Array)
#2 /vagrant/git/liveadmin/yii/yii/db/ar/CActiveRecord.php(809): CActiveRecord->insert(NULL)
#3 /vagrant/git/liveadmin/protected/models/Post.php(130): CActiveRecord->save()
#4 /vagrant/git/liveadmin/protected/controllers/PostController.php(207): Post->addComment(Object(Comment))
#5 /vagrant/git/liveadmin/protected/controllers/PostController.php(49): PostController->newComment(Object(Post))
#6 /vagrant/git/liveadmin/yii/yii/web/actions/CInlineAction.php(49): PostController->actionView()
#7 /vagrant/git/liveadmin/yii/yii/web/CController.php(308): CInlineAction->runWithParams(Array)
#8 /vagrant/git/liveadmin/yii/yii/web/filters/CFilterChain.php(133): CController->runAction(Object(CInlineAction))
#9 /vagrant/git/liveadmin/yii/yii/web/filters/CFilter.php(40): CFilterChain->run()
#10 /vagrant/git/liveadmin/yii/yii/web/CController.php(1145): CFilter->filter(Object(CFilterChain))
#11 /vagrant/git/liveadmin/yii/yii/web/filters/CInlineFilter.php(58): CController->filterAccessControl(Object(CFilterChain))
#12 /vagrant/git/liveadmin/yii/yii/web/filters/CFilterChain.php(130): CInlineFilter->filter(Object(CFilterChain))
#13 /vagrant/git/liveadmin/yii/yii/web/CController.php(291): CFilterChain->run()
#14 /vagrant/git/liveadmin/yii/yii/web/CController.php(265): CController->runActionWithFilters(Object(CInlineAction), Array)
#15 /vagrant/git/liveadmin/yii/yii/web/CWebApplication.php(282): CController->run('view')
#16 /vagrant/git/liveadmin/yii/yii/web/CWebApplication.php(141): CWebApplication->runController('post/view')
#17 /vagrant/git/liveadmin/yii/yii/base/CApplication.php(184): CWebApplication->processRequest()
#18 /vagrant/git/liveadmin/index.php(11): CApplication->run()
#19 {main}
REQUEST_URI=/post/1/Welcome%21
HTTP_REFERER=http://admin.live.com/post/1/Welcome%21
---
2015/04/16 12:03:12 [error] [exception.CDbException] SQLSTATE[28000] [1045] Access denied for user 'root'@'10.0.0.101' (using password: NO)
2015/04/16 12:03:12 [error] [exception.CDbException] CDbConnection failed to open the DB connection.
2015/04/16 12:03:44 [error] [exception.CDbException] SQLSTATE[28000] [1045] Access denied for user 'root'@'10.0.0.101' (using password: NO)
2015/04/16 12:03:44 [error] [exception.CDbException] CDbConnection failed to open the DB connection.
